2025.04.04 12:46:46 INFO  Started: Metals version 1.5.2 in folders '/home/fadi/newlife2025/uni/colorwoodSort-SE' for client Visual Studio Code 1.98.2.[0m
2025.04.04 12:46:47 INFO  no build target found for /home/fadi/newlife2025/uni/colorwoodSort-SE/src/main/scala/de/htwg/se/colorwoodSort/colorwoodSort.scala. Using presentation compiler with project's scala-library version: 3.3.5[0m
2025.04.04 12:46:47 WARN  no build target for: /home/fadi/newlife2025/uni/colorwoodSort-SE/src/main/scala/de/htwg/se/colorwoodSort/colorwoodSort.scala[0m
2025.04.04 12:46:47 INFO  no build target found for /home/fadi/newlife2025/uni/colorwoodSort-SE/src/main/scala/de/htwg/se/colorwoodSort/colorwoodSort.scala. Using presentation compiler with project's scala-library version: 3.3.5[0m
2025.04.04 12:46:49 INFO  Running List(/home/fadi/.local/share/coursier/bin/scala-cli, setup-ide, /home/fadi/newlife2025/uni/colorwoodSort-SE)[0m
2025.04.04 12:46:49 INFO  Attempting to connect to the build server...[0m
2025.04.04 12:46:49 INFO  Running BSP server List(/home/fadi/.local/share/coursier/bin/.scala-cli.aux, bsp, --json-options, /home/fadi/newlife2025/uni/colorwoodSort-SE/.scala-build/ide-options-v2.json, --json-launcher-options, /home/fadi/newlife2025/uni/colorwoodSort-SE/.scala-build/ide-launcher-options.json, --envs-file, /home/fadi/newlife2025/uni/colorwoodSort-SE/.scala-build/ide-envs.json, /home/fadi/newlife2025/uni/colorwoodSort-SE)[0m
2025.04.04 12:46:49 INFO  tracing is disabled for protocol BSP, to enable tracing of incoming and outgoing JSON messages create an empty file at /home/fadi/newlife2025/uni/colorwoodSort-SE/.metals/bsp.trace.json or /home/fadi/.cache/metals/bsp.trace.json[0m
2025.04.04 12:46:50 INFO  BSP server: Downloading https://oss.sonatype.org/content/repositories/snapshots/ch/epfl/scala/bloop-frontend_2.12/2.0.8/bloop-frontend_2.12-2.0.8.pom[0m
2025.04.04 12:46:50 INFO  BSP server: Downloaded https://oss.sonatype.org/content/repositories/snapshots/ch/epfl/scala/bloop-frontend_2.12/2.0.8/bloop-frontend_2.12-2.0.8.pom[0m
2025.04.04 12:46:50 INFO  BSP server: Downloading https://oss.sonatype.org/content/repositories/snapshots/ch/epfl/scala/bloop-frontend_2.12/2.0.8/bloop-frontend_2.12-2.0.8.pom.sha1[0m
2025.04.04 12:46:50 INFO  BSP server: Downloaded https://oss.sonatype.org/content/repositories/snapshots/ch/epfl/scala/bloop-frontend_2.12/2.0.8/bloop-frontend_2.12-2.0.8.pom.sha1[0m
2025.04.04 12:46:50 INFO  BSP server: Downloading https://s01.oss.sonatype.org/content/repositories/snapshots/ch/epfl/scala/bloop-frontend_2.12/2.0.8/bloop-frontend_2.12-2.0.8.pom[0m
2025.04.04 12:46:50 INFO  BSP server: Downloaded https://s01.oss.sonatype.org/content/repositories/snapshots/ch/epfl/scala/bloop-frontend_2.12/2.0.8/bloop-frontend_2.12-2.0.8.pom[0m
2025.04.04 12:46:50 INFO  BSP server: Downloading https://s01.oss.sonatype.org/content/repositories/snapshots/ch/epfl/scala/bloop-frontend_2.12/2.0.8/bloop-frontend_2.12-2.0.8.pom.sha1[0m
2025.04.04 12:46:51 INFO  BSP server: Downloaded https://s01.oss.sonatype.org/content/repositories/snapshots/ch/epfl/scala/bloop-frontend_2.12/2.0.8/bloop-frontend_2.12-2.0.8.pom.sha1[0m
2025.04.04 12:46:51 INFO  BSP server: Downloading https://repo1.maven.org/maven2/ch/epfl/scala/bloop-frontend_2.12/2.0.8/bloop-frontend_2.12-2.0.8.pom[0m
2025.04.04 12:46:51 INFO  BSP server: Downloaded https://repo1.maven.org/maven2/ch/epfl/scala/bloop-frontend_2.12/2.0.8/bloop-frontend_2.12-2.0.8.pom[0m
2025.04.04 12:46:51 INFO  BSP server: Downloading https://oss.sonatype.org/content/repositories/snapshots/ch/epfl/scala/bloop-config_2.12/2.3.1/bloop-config_2.12-2.3.1.pom[0m
2025.04.04 12:46:51 INFO  BSP server: Downloading https://oss.sonatype.org/content/repositories/snapshots/ch/epfl/scala/bloop-shared_2.12/2.0.8/bloop-shared_2.12-2.0.8.pom[0m
2025.04.04 12:46:51 INFO  BSP server: Downloading https://oss.sonatype.org/content/repositories/snapshots/ch/qos/logback/logback-classic/1.5.16/logback-classic-1.5.16.pom[0m
2025.04.04 12:46:51 INFO  BSP server: Downloading https://oss.sonatype.org/content/repositories/snapshots/ch/epfl/scala/scala-debug-adapter_2.12/4.2.2/scala-debug-adapter_2.12-4.2.2.pom[0m
2025.04.04 12:46:51 INFO  BSP server: Downloading https://oss.sonatype.org/content/repositories/snapshots/ch/epfl/scala/bloop-backend_2.12/2.0.8/bloop-backend_2.12-2.0.8.pom[0m
2025.04.04 12:46:51 INFO  BSP server: Downloaded https://oss.sonatype.org/content/repositories/snapshots/ch/epfl/scala/bloop-config_2.12/2.3.1/bloop-config_2.12-2.3.1.pom[0m
2025.04.04 12:46:51 INFO  BSP server: Downloading https://oss.sonatype.org/content/repositories/snapshots/ch/epfl/scala/bloop-config_2.12/2.3.1/bloop-config_2.12-2.3.1.pom.sha1[0m
2025.04.04 12:46:51 INFO  BSP server: Downloaded https://oss.sonatype.org/content/repositories/snapshots/ch/epfl/scala/bloop-config_2.12/2.3.1/bloop-config_2.12-2.3.1.pom.sha1[0m
2025.04.04 12:46:51 INFO  BSP server: Downloading https://s01.oss.sonatype.org/content/repositories/snapshots/ch/epfl/scala/bloop-config_2.12/2.3.1/bloop-config_2.12-2.3.1.pom[0m
2025.04.04 12:46:51 INFO  BSP server: Downloaded https://oss.sonatype.org/content/repositories/snapshots/ch/epfl/scala/scala-debug-adapter_2.12/4.2.2/scala-debug-adapter_2.12-4.2.2.pom[0m
2025.04.04 12:46:51 INFO  BSP server: Downloading https://oss.sonatype.org/content/repositories/snapshots/ch/epfl/scala/scala-debug-adapter_2.12/4.2.2/scala-debug-adapter_2.12-4.2.2.pom.sha1[0m
2025.04.04 12:46:51 INFO  BSP server: Downloaded https://oss.sonatype.org/content/repositories/snapshots/ch/qos/logback/logback-classic/1.5.16/logback-classic-1.5.16.pom[0m
2025.04.04 12:46:51 INFO  BSP server: Downloading https://oss.sonatype.org/content/repositories/snapshots/ch/qos/logback/logback-classic/1.5.16/logback-classic-1.5.16.pom.sha1[0m
2025.04.04 12:46:51 INFO  BSP server: Downloaded https://oss.sonatype.org/content/repositories/snapshots/ch/epfl/scala/bloop-backend_2.12/2.0.8/bloop-backend_2.12-2.0.8.pom[0m
2025.04.04 12:46:51 INFO  BSP server: Downloading https://oss.sonatype.org/content/repositories/snapshots/ch/epfl/scala/bloop-backend_2.12/2.0.8/bloop-backend_2.12-2.0.8.pom.sha1[0m
2025.04.04 12:46:51 INFO  BSP server: Downloaded https://oss.sonatype.org/content/repositories/snapshots/ch/epfl/scala/bloop-shared_2.12/2.0.8/bloop-shared_2.12-2.0.8.pom[0m
2025.04.04 12:46:51 INFO  BSP server: Downloading https://oss.sonatype.org/content/repositories/snapshots/ch/epfl/scala/bloop-shared_2.12/2.0.8/bloop-shared_2.12-2.0.8.pom.sha1[0m
2025.04.04 12:46:51 INFO  BSP server: Downloaded https://oss.sonatype.org/content/repositories/snapshots/ch/epfl/scala/scala-debug-adapter_2.12/4.2.2/scala-debug-adapter_2.12-4.2.2.pom.sha1[0m
2025.04.04 12:46:51 INFO  BSP server: Downloading https://s01.oss.sonatype.org/content/repositories/snapshots/ch/epfl/scala/scala-debug-adapter_2.12/4.2.2/scala-debug-adapter_2.12-4.2.2.pom[0m
2025.04.04 12:46:51 INFO  BSP server: Downloaded https://oss.sonatype.org/content/repositories/snapshots/ch/qos/logback/logback-classic/1.5.16/logback-classic-1.5.16.pom.sha1[0m
2025.04.04 12:46:51 INFO  BSP server: Downloading https://s01.oss.sonatype.org/content/repositories/snapshots/ch/qos/logback/logback-classic/1.5.16/logback-classic-1.5.16.pom[0m
2025.04.04 12:46:51 INFO  BSP server: Downloaded https://oss.sonatype.org/content/repositories/snapshots/ch/epfl/scala/bloop-backend_2.12/2.0.8/bloop-backend_2.12-2.0.8.pom.sha1[0m
2025.04.04 12:46:51 INFO  BSP server: Downloading https://s01.oss.sonatype.org/content/repositories/snapshots/ch/epfl/scala/bloop-backend_2.12/2.0.8/bloop-backend_2.12-2.0.8.pom[0m
2025.04.04 12:46:51 INFO  BSP server: Downloaded https://oss.sonatype.org/content/repositories/snapshots/ch/epfl/scala/bloop-shared_2.12/2.0.8/bloop-shared_2.12-2.0.8.pom.sha1[0m
2025.04.04 12:46:51 INFO  BSP server: Downloading https://s01.oss.sonatype.org/content/repositories/snapshots/ch/epfl/scala/bloop-shared_2.12/2.0.8/bloop-shared_2.12-2.0.8.pom[0m
2025.04.04 12:46:51 INFO  BSP server: Downloaded https://s01.oss.sonatype.org/content/repositories/snapshots/ch/epfl/scala/bloop-config_2.12/2.3.1/bloop-config_2.12-2.3.1.pom[0m
2025.04.04 12:46:51 INFO  BSP server: Downloading https://s01.oss.sonatype.org/content/repositories/snapshots/ch/epfl/scala/bloop-config_2.12/2.3.1/bloop-config_2.12-2.3.1.pom.sha1[0m
2025.04.04 12:46:51 INFO  BSP server: Downloaded https://s01.oss.sonatype.org/content/repositories/snapshots/ch/epfl/scala/scala-debug-adapter_2.12/4.2.2/scala-debug-adapter_2.12-4.2.2.pom[0m
2025.04.04 12:46:51 INFO  BSP server: Downloading https://s01.oss.sonatype.org/content/repositories/snapshots/ch/epfl/scala/scala-debug-adapter_2.12/4.2.2/scala-debug-adapter_2.12-4.2.2.pom.sha1[0m
2025.04.04 12:46:51 INFO  BSP server: Downloaded https://s01.oss.sonatype.org/content/repositories/snapshots/ch/qos/logback/logback-classic/1.5.16/logback-classic-1.5.16.pom[0m
2025.04.04 12:46:51 INFO  BSP server: Downloading https://s01.oss.sonatype.org/content/repositories/snapshots/ch/qos/logback/logback-classic/1.5.16/logback-classic-1.5.16.pom.sha1[0m
2025.04.04 12:46:51 INFO  BSP server: Downloaded https://s01.oss.sonatype.org/content/repositories/snapshots/ch/epfl/scala/bloop-backend_2.12/2.0.8/bloop-backend_2.12-2.0.8.pom[0m
2025.04.04 12:46:51 INFO  BSP server: Downloading https://s01.oss.sonatype.org/content/repositories/snapshots/ch/epfl/scala/bloop-backend_2.12/2.0.8/bloop-backend_2.12-2.0.8.pom.sha1[0m
2025.04.04 12:46:51 INFO  BSP server: Downloaded https://s01.oss.sonatype.org/content/repositories/snapshots/ch/epfl/scala/bloop-shared_2.12/2.0.8/bloop-shared_2.12-2.0.8.pom[0m
2025.04.04 12:46:51 INFO  BSP server: Downloading https://s01.oss.sonatype.org/content/repositories/snapshots/ch/epfl/scala/bloop-shared_2.12/2.0.8/bloop-shared_2.12-2.0.8.pom.sha1[0m
2025.04.04 12:46:51 INFO  BSP server: Downloaded https://s01.oss.sonatype.org/content/repositories/snapshots/ch/epfl/scala/bloop-config_2.12/2.3.1/bloop-config_2.12-2.3.1.pom.sha1[0m
2025.04.04 12:46:51 INFO  BSP server: Downloading https://repo1.maven.org/maven2/ch/epfl/scala/bloop-config_2.12/2.3.1/bloop-config_2.12-2.3.1.pom[0m
2025.04.04 12:46:51 INFO  BSP server: Downloaded https://repo1.maven.org/maven2/ch/epfl/scala/bloop-config_2.12/2.3.1/bloop-config_2.12-2.3.1.pom[0m
2025.04.04 12:46:52 INFO  BSP server: Downloaded https://s01.oss.sonatype.org/content/repositories/snapshots/ch/epfl/scala/scala-debug-adapter_2.12/4.2.2/scala-debug-adapter_2.12-4.2.2.pom.sha1[0m
2025.04.04 12:46:52 INFO  BSP server: Downloading https://repo1.maven.org/maven2/ch/epfl/scala/scala-debug-adapter_2.12/4.2.2/scala-debug-adapter_2.12-4.2.2.pom[0m
2025.04.04 12:46:52 INFO  BSP server: Downloaded https://s01.oss.sonatype.org/content/repositories/snapshots/ch/qos/logback/logback-classic/1.5.16/logback-classic-1.5.16.pom.sha1[0m
2025.04.04 12:46:52 INFO  BSP server: Downloading https://repo1.maven.org/maven2/ch/qos/logback/logback-classic/1.5.16/logback-classic-1.5.16.pom[0m
2025.04.04 12:46:52 INFO  BSP server: Downloaded https://repo1.maven.org/maven2/ch/epfl/scala/scala-debug-adapter_2.12/4.2.2/scala-debug-adapter_2.12-4.2.2.pom[0m
2025.04.04 12:46:52 INFO  BSP server: Downloaded https://s01.oss.sonatype.org/content/repositories/snapshots/ch/epfl/scala/bloop-backend_2.12/2.0.8/bloop-backend_2.12-2.0.8.pom.sha1[0m
2025.04.04 12:46:52 INFO  BSP server: Downloading https://repo1.maven.org/maven2/ch/epfl/scala/bloop-backend_2.12/2.0.8/bloop-backend_2.12-2.0.8.pom[0m
2025.04.04 12:46:52 INFO  BSP server: Downloaded https://s01.oss.sonatype.org/content/repositories/snapshots/ch/epfl/scala/bloop-shared_2.12/2.0.8/bloop-shared_2.12-2.0.8.pom.sha1[0m
2025.04.04 12:46:52 INFO  BSP server: Downloading https://repo1.maven.org/maven2/ch/epfl/scala/bloop-shared_2.12/2.0.8/bloop-shared_2.12-2.0.8.pom[0m
2025.04.04 12:46:52 INFO  BSP server: Downloaded https://repo1.maven.org/maven2/ch/epfl/scala/bloop-shared_2.12/2.0.8/bloop-shared_2.12-2.0.8.pom[0m
2025.04.04 12:46:52 INFO  BSP server: Downloaded https://repo1.maven.org/maven2/ch/epfl/scala/bloop-backend_2.12/2.0.8/bloop-backend_2.12-2.0.8.pom[0m
2025.04.04 12:46:52 INFO  BSP server: Downloaded https://repo1.maven.org/maven2/ch/qos/logback/logback-classic/1.5.16/logback-classic-1.5.16.pom[0m
2025.04.04 12:46:52 INFO  BSP server: Downloading https://oss.sonatype.org/content/repositories/snapshots/ch/qos/logback/logback-parent/1.5.16/logback-parent-1.5.16.pom[0m
2025.04.04 12:46:52 INFO  BSP server: Downloaded https://oss.sonatype.org/content/repositories/snapshots/ch/qos/logback/logback-parent/1.5.16/logback-parent-1.5.16.pom[0m
2025.04.04 12:46:52 INFO  BSP server: Downloading https://oss.sonatype.org/content/repositories/snapshots/ch/qos/logback/logback-parent/1.5.16/logback-parent-1.5.16.pom.sha1[0m
2025.04.04 12:46:52 INFO  BSP server: Downloaded https://oss.sonatype.org/content/repositories/snapshots/ch/qos/logback/logback-parent/1.5.16/logback-parent-1.5.16.pom.sha1[0m
2025.04.04 12:46:52 INFO  BSP server: Downloading https://s01.oss.sonatype.org/content/repositories/snapshots/ch/qos/logback/logback-parent/1.5.16/logback-parent-1.5.16.pom[0m
2025.04.04 12:46:52 INFO  BSP server: Downloaded https://s01.oss.sonatype.org/content/repositories/snapshots/ch/qos/logback/logback-parent/1.5.16/logback-parent-1.5.16.pom[0m
2025.04.04 12:46:52 INFO  BSP server: Downloading https://s01.oss.sonatype.org/content/repositories/snapshots/ch/qos/logback/logback-parent/1.5.16/logback-parent-1.5.16.pom.sha1[0m
2025.04.04 12:46:52 INFO  BSP server: Downloaded https://s01.oss.sonatype.org/content/repositories/snapshots/ch/qos/logback/logback-parent/1.5.16/logback-parent-1.5.16.pom.sha1[0m
2025.04.04 12:46:52 INFO  BSP server: Downloading https://repo1.maven.org/maven2/ch/qos/logback/logback-parent/1.5.16/logback-parent-1.5.16.pom[0m
2025.04.04 12:46:52 INFO  BSP server: Downloaded https://repo1.maven.org/maven2/ch/qos/logback/logback-parent/1.5.16/logback-parent-1.5.16.pom[0m
2025.04.04 12:46:52 INFO  BSP server: Downloading https://oss.sonatype.org/content/repositories/snapshots/ch/epfl/scala/com-microsoft-java-debug-core/0.34.0+33/com-microsoft-java-debug-core-0.34.0+33.pom[0m
2025.04.04 12:46:52 INFO  BSP server: Downloading https://oss.sonatype.org/content/repositories/snapshots/io/get-coursier/interface/1.0.27/interface-1.0.27.pom[0m
2025.04.04 12:46:52 INFO  BSP server: Downloading https://oss.sonatype.org/content/repositories/snapshots/ch/qos/logback/logback-core/1.5.16/logback-core-1.5.16.pom[0m
2025.04.04 12:46:52 INFO  BSP server: Downloading https://oss.sonatype.org/content/repositories/snapshots/org/scala-sbt/librarymanagement-ivy_2.12/1.10.3/librarymanagement-ivy_2.12-1.10.3.pom[0m
2025.04.04 12:46:52 INFO  BSP server: Downloading https://oss.sonatype.org/content/repositories/snapshots/com/github/plokhotnyuk/jsoniter-scala/jsoniter-scala-core_2.12/2.13.5.2/jsoniter-scala-core_2.12-2.13.5.2.pom[0m
2025.04.04 12:46:52 INFO  BSP server: Downloading https://oss.sonatype.org/content/repositories/snapshots/org/scala-sbt/zinc_2.12/1.10.7/zinc_2.12-1.10.7.pom[0m
2025.04.04 12:46:52 INFO  BSP server: Downloaded https://oss.sonatype.org/content/repositories/snapshots/ch/qos/logback/logback-core/1.5.16/logback-core-1.5.16.pom[0m
2025.04.04 12:46:52 INFO  BSP server: Downloading https://oss.sonatype.org/content/repositories/snapshots/org/scalameta/parsers_2.12/4.12.6/parsers_2.12-4.12.6.pom[0m
2025.04.04 12:46:52 INFO  BSP server: Downloaded https://oss.sonatype.org/content/repositories/snapshots/io/get-coursier/interface/1.0.27/interface-1.0.27.pom[0m
2025.04.04 12:46:52 INFO  BSP server: Downloading https://oss.sonatype.org/content/repositories/snapshots/ch/qos/logback/logback-core/1.5.16/logback-core-1.5.16.pom.sha1[0m
2025.04.04 12:46:52 INFO  BSP server: Downloaded https://oss.sonatype.org/content/repositories/snapshots/org/scala-sbt/librarymanagement-ivy_2.12/1.10.3/librarymanagement-ivy_2.12-1.10.3.pom[0m
2025.04.04 12:46:52 INFO  BSP server: Downloading https://oss.sonatype.org/content/repositories/snapshots/io/get-coursier/interface/1.0.27/interface-1.0.27.pom.sha1[0m
2025.04.04 12:46:52 INFO  BSP server: Downloaded https://oss.sonatype.org/content/repositories/snapshots/org/scala-sbt/zinc_2.12/1.10.7/zinc_2.12-1.10.7.pom[0m
2025.04.04 12:46:52 INFO  BSP server: Downloading https://oss.sonatype.org/content/repositories/snapshots/net/java/dev/jna/jna/5.16.0/jna-5.16.0.pom[0m
2025.04.04 12:46:52 INFO  BSP server: Downloaded https://oss.sonatype.org/content/repositories/snapshots/ch/epfl/scala/com-microsoft-java-debug-core/0.34.0+33/com-microsoft-java-debug-core-0.34.0+33.pom[0m
2025.04.04 12:46:52 INFO  BSP server: Downloading https://oss.sonatype.org/content/repositories/snapshots/org/scala-sbt/librarymanagement-ivy_2.12/1.10.3/librarymanagement-ivy_2.12-1.10.3.pom.sha1[0m
2025.04.04 12:46:53 INFO  BSP server: Downloaded https://oss.sonatype.org/content/repositories/snapshots/ch/qos/logback/logback-core/1.5.16/logback-core-1.5.16.pom.sha1[0m
2025.04.04 12:46:53 INFO  BSP server: Downloading https://oss.sonatype.org/content/repositories/snapshots/org/scala-sbt/zinc_2.12/1.10.7/zinc_2.12-1.10.7.pom.sha1[0m
2025.04.04 12:46:53 INFO  BSP server: Downloaded https://oss.sonatype.org/content/repositories/snapshots/net/java/dev/jna/jna/5.16.0/jna-5.16.0.pom[0m
2025.04.04 12:46:53 INFO  BSP server: Downloaded https://oss.sonatype.org/content/repositories/snapshots/org/scalameta/parsers_2.12/4.12.6/parsers_2.12-4.12.6.pom[0m
2025.04.04 12:46:53 INFO  BSP server: Downloading https://oss.sonatype.org/content/repositories/snapshots/ch/epfl/scala/com-microsoft-java-debug-core/0.34.0+33/com-microsoft-java-debug-core-0.34.0+33.pom.sha1[0m
2025.04.04 12:46:53 INFO  BSP server: Downloading https://oss.sonatype.org/content/repositories/snapshots/net/java/dev/jna/jna/5.16.0/jna-5.16.0.pom.sha1[0m
2025.04.04 12:46:53 INFO  BSP server: Downloaded https://oss.sonatype.org/content/repositories/snapshots/io/get-coursier/interface/1.0.27/interface-1.0.27.pom.sha1[0m
2025.04.04 12:46:53 INFO  BSP server: Downloading https://oss.sonatype.org/content/repositories/snapshots/org/scalameta/parsers_2.12/4.12.6/parsers_2.12-4.12.6.pom.sha1[0m
2025.04.04 12:46:53 INFO  BSP server: Downloaded https://oss.sonatype.org/content/repositories/snapshots/org/scala-sbt/librarymanagement-ivy_2.12/1.10.3/librarymanagement-ivy_2.12-1.10.3.pom.sha1[0m
2025.04.04 12:46:53 INFO  BSP server: Downloading https://s01.oss.sonatype.org/content/repositories/snapshots/ch/qos/logback/logback-core/1.5.16/logback-core-1.5.16.pom[0m
2025.04.04 12:46:53 INFO  BSP server: Downloaded https://oss.sonatype.org/content/repositories/snapshots/com/github/plokhotnyuk/jsoniter-scala/jsoniter-scala-core_2.12/2.13.5.2/jsoniter-scala-core_2.12-2.13.5.2.pom[0m
2025.04.04 12:46:53 INFO  BSP server: Downloaded https://oss.sonatype.org/content/repositories/snapshots/org/scala-sbt/zinc_2.12/1.10.7/zinc_2.12-1.10.7.pom.sha1[0m
2025.04.04 12:46:53 INFO  BSP server: Downloading https://oss.sonatype.org/content/repositories/snapshots/com/github/plokhotnyuk/jsoniter-scala/jsoniter-scala-core_2.12/2.13.5.2/jsoniter-scala-core_2.12-2.13.5.2.pom.sha1[0m
2025.04.04 12:46:53 INFO  BSP server: Downloading https://s01.oss.sonatype.org/content/repositories/snapshots/org/scala-sbt/librarymanagement-ivy_2.12/1.10.3/librarymanagement-ivy_2.12-1.10.3.pom[0m
2025.04.04 12:46:53 INFO  BSP server: Downloaded https://oss.sonatype.org/content/repositories/snapshots/net/java/dev/jna/jna/5.16.0/jna-5.16.0.pom.sha1[0m
2025.04.04 12:46:53 INFO  BSP server: Downloading https://s01.oss.sonatype.org/content/repositories/snapshots/io/get-coursier/interface/1.0.27/interface-1.0.27.pom[0m
2025.04.04 12:46:53 INFO  BSP server: Downloaded https://oss.sonatype.org/content/repositories/snapshots/org/scalameta/parsers_2.12/4.12.6/parsers_2.12-4.12.6.pom.sha1[0m
2025.04.04 12:46:53 INFO  BSP server: Downloading https://s01.oss.sonatype.org/content/repositories/snapshots/org/scala-sbt/zinc_2.12/1.10.7/zinc_2.12-1.10.7.pom[0m
2025.04.04 12:46:53 INFO  BSP server: Downloaded https://oss.sonatype.org/content/repositories/snapshots/ch/epfl/scala/com-microsoft-java-debug-core/0.34.0+33/com-microsoft-java-debug-core-0.34.0+33.pom.sha1[0m
2025.04.04 12:46:53 INFO  BSP server: Downloading https://s01.oss.sonatype.org/content/repositories/snapshots/net/java/dev/jna/jna/5.16.0/jna-5.16.0.pom[0m
2025.04.04 12:46:53 INFO  BSP server: Downloaded https://oss.sonatype.org/content/repositories/snapshots/com/github/plokhotnyuk/jsoniter-scala/jsoniter-scala-core_2.12/2.13.5.2/jsoniter-scala-core_2.12-2.13.5.2.pom.sha1[0m
2025.04.04 12:46:53 INFO  BSP server: Downloading https://s01.oss.sonatype.org/content/repositories/snapshots/org/scalameta/parsers_2.12/4.12.6/parsers_2.12-4.12.6.pom[0m
2025.04.04 12:46:53 INFO  BSP server: Downloaded https://s01.oss.sonatype.org/content/repositories/snapshots/ch/qos/logback/logback-core/1.5.16/logback-core-1.5.16.pom[0m
2025.04.04 12:46:53 INFO  BSP server: Downloading https://s01.oss.sonatype.org/content/repositories/snapshots/ch/qos/logback/logback-core/1.5.16/logback-core-1.5.16.pom.sha1[0m
2025.04.04 12:46:53 INFO  BSP server: Downloaded https://s01.oss.sonatype.org/content/repositories/snapshots/io/get-coursier/interface/1.0.27/interface-1.0.27.pom[0m
2025.04.04 12:46:53 INFO  BSP server: Downloaded https://s01.oss.sonatype.org/content/repositories/snapshots/org/scala-sbt/librarymanagement-ivy_2.12/1.10.3/librarymanagement-ivy_2.12-1.10.3.pom[0m
2025.04.04 12:46:53 INFO  BSP server: Downloading https://s01.oss.sonatype.org/content/repositories/snapshots/ch/epfl/scala/com-microsoft-java-debug-core/0.34.0+33/com-microsoft-java-debug-core-0.34.0+33.pom[0m
2025.04.04 12:46:53 INFO  BSP server: Downloading https://s01.oss.sonatype.org/content/repositories/snapshots/io/get-coursier/interface/1.0.27/interface-1.0.27.pom.sha1[0m
2025.04.04 12:46:53 INFO  BSP server: Downloaded https://s01.oss.sonatype.org/content/repositories/snapshots/net/java/dev/jna/jna/5.16.0/jna-5.16.0.pom[0m
2025.04.04 12:46:53 INFO  BSP server: Downloading https://s01.oss.sonatype.org/content/repositories/snapshots/org/scala-sbt/librarymanagement-ivy_2.12/1.10.3/librarymanagement-ivy_2.12-1.10.3.pom.sha1[0m
2025.04.04 12:46:53 INFO  BSP server: Downloaded https://s01.oss.sonatype.org/content/repositories/snapshots/org/scala-sbt/zinc_2.12/1.10.7/zinc_2.12-1.10.7.pom[0m
2025.04.04 12:46:53 INFO  BSP server: Downloading https://s01.oss.sonatype.org/content/repositories/snapshots/com/github/plokhotnyuk/jsoniter-scala/jsoniter-scala-core_2.12/2.13.5.2/jsoniter-scala-core_2.12-2.13.5.2.pom[0m
2025.04.04 12:46:53 INFO  BSP server: Downloaded https://s01.oss.sonatype.org/content/repositories/snapshots/org/scalameta/parsers_2.12/4.12.6/parsers_2.12-4.12.6.pom[0m
2025.04.04 12:46:53 INFO  BSP server: Downloading https://s01.oss.sonatype.org/content/repositories/snapshots/net/java/dev/jna/jna/5.16.0/jna-5.16.0.pom.sha1[0m
2025.04.04 12:46:53 INFO  BSP server: Downloaded https://s01.oss.sonatype.org/content/repositories/snapshots/ch/qos/logback/logback-core/1.5.16/logback-core-1.5.16.pom.sha1[0m
2025.04.04 12:46:53 INFO  BSP server: Downloading https://s01.oss.sonatype.org/content/repositories/snapshots/org/scala-sbt/zinc_2.12/1.10.7/zinc_2.12-1.10.7.pom.sha1[0m
2025.04.04 12:46:53 INFO  BSP server: Downloaded https://s01.oss.sonatype.org/content/repositories/snapshots/io/get-coursier/interface/1.0.27/interface-1.0.27.pom.sha1[0m
2025.04.04 12:46:53 INFO  BSP server: Downloading https://s01.oss.sonatype.org/content/repositories/snapshots/org/scalameta/parsers_2.12/4.12.6/parsers_2.12-4.12.6.pom.sha1[0m
2025.04.04 12:46:53 INFO  BSP server: Downloaded https://s01.oss.sonatype.org/content/repositories/snapshots/org/scala-sbt/librarymanagement-ivy_2.12/1.10.3/librarymanagement-ivy_2.12-1.10.3.pom.sha1[0m
2025.04.04 12:46:53 INFO  BSP server: Downloaded https://s01.oss.sonatype.org/content/repositories/snapshots/ch/epfl/scala/com-microsoft-java-debug-core/0.34.0+33/com-microsoft-java-debug-core-0.34.0+33.pom[0m
2025.04.04 12:46:53 INFO  BSP server: Downloading https://repo1.maven.org/maven2/ch/qos/logback/logback-core/1.5.16/logback-core-1.5.16.pom[0m
2025.04.04 12:46:53 INFO  BSP server: Downloading https://repo1.maven.org/maven2/io/get-coursier/interface/1.0.27/interface-1.0.27.pom[0m
2025.04.04 12:46:53 INFO  BSP server: Downloaded https://s01.oss.sonatype.org/content/repositories/snapshots/com/github/plokhotnyuk/jsoniter-scala/jsoniter-scala-core_2.12/2.13.5.2/jsoniter-scala-core_2.12-2.13.5.2.pom[0m
2025.04.04 12:46:53 INFO  BSP server: Downloading https://repo1.maven.org/maven2/org/scala-sbt/librarymanagement-ivy_2.12/1.10.3/librarymanagement-ivy_2.12-1.10.3.pom[0m
2025.04.04 12:46:53 INFO  BSP server: Downloaded https://repo1.maven.org/maven2/ch/qos/logback/logback-core/1.5.16/logback-core-1.5.16.pom[0m
2025.04.04 12:46:53 INFO  BSP server: Downloading https://s01.oss.sonatype.org/content/repositories/snapshots/ch/epfl/scala/com-microsoft-java-debug-core/0.34.0+33/com-microsoft-java-debug-core-0.34.0+33.pom.sha1[0m
2025.04.04 12:46:53 INFO  BSP server: Downloaded https://repo1.maven.org/maven2/io/get-coursier/interface/1.0.27/interface-1.0.27.pom[0m
2025.04.04 12:46:53 INFO  BSP server: Downloading https://s01.oss.sonatype.org/content/repositories/snapshots/com/github/plokhotnyuk/jsoniter-scala/jsoniter-scala-core_2.12/2.13.5.2/jsoniter-scala-core_2.12-2.13.5.2.pom.sha1[0m
2025.04.04 12:46:53 INFO  BSP server: Downloaded https://repo1.maven.org/maven2/org/scala-sbt/librarymanagement-ivy_2.12/1.10.3/librarymanagement-ivy_2.12-1.10.3.pom[0m
2025.04.04 12:46:53 INFO  BSP server: Downloaded https://s01.oss.sonatype.org/content/repositories/snapshots/net/java/dev/jna/jna/5.16.0/jna-5.16.0.pom.sha1[0m
2025.04.04 12:46:53 INFO  BSP server: Downloading https://repo1.maven.org/maven2/net/java/dev/jna/jna/5.16.0/jna-5.16.0.pom[0m
2025.04.04 12:46:53 INFO  BSP server: Downloaded https://repo1.maven.org/maven2/net/java/dev/jna/jna/5.16.0/jna-5.16.0.pom[0m
2025.04.04 12:46:53 INFO  BSP server: Downloaded https://s01.oss.sonatype.org/content/repositories/snapshots/org/scala-sbt/zinc_2.12/1.10.7/zinc_2.12-1.10.7.pom.sha1[0m
2025.04.04 12:46:53 INFO  BSP server: Downloading https://repo1.maven.org/maven2/org/scala-sbt/zinc_2.12/1.10.7/zinc_2.12-1.10.7.pom[0m
2025.04.04 12:46:53 INFO  BSP server: Downloaded https://repo1.maven.org/maven2/org/scala-sbt/zinc_2.12/1.10.7/zinc_2.12-1.10.7.pom[0m
2025.04.04 12:46:53 INFO  BSP server: Downloaded https://s01.oss.sonatype.org/content/repositories/snapshots/org/scalameta/parsers_2.12/4.12.6/parsers_2.12-4.12.6.pom.sha1[0m
2025.04.04 12:46:53 INFO  BSP server: Downloading https://repo1.maven.org/maven2/org/scalameta/parsers_2.12/4.12.6/parsers_2.12-4.12.6.pom[0m
2025.04.04 12:46:53 INFO  BSP server: Downloaded https://repo1.maven.org/maven2/org/scalameta/parsers_2.12/4.12.6/parsers_2.12-4.12.6.pom[0m
2025.04.04 12:46:53 INFO  BSP server: Downloaded https://s01.oss.sonatype.org/content/repositories/snapshots/ch/epfl/scala/com-microsoft-java-debug-core/0.34.0+33/com-microsoft-java-debug-core-0.34.0+33.pom.sha1[0m
2025.04.04 12:46:53 INFO  BSP server: Downloading https://repo1.maven.org/maven2/ch/epfl/scala/com-microsoft-java-debug-core/0.34.0+33/com-microsoft-java-debug-core-0.34.0+33.pom[0m
2025.04.04 12:46:54 INFO  BSP server: Downloaded https://repo1.maven.org/maven2/ch/epfl/scala/com-microsoft-java-debug-core/0.34.0+33/com-microsoft-java-debug-core-0.34.0+33.pom[0m
2025.04.04 12:46:54 INFO  BSP server: Downloaded https://s01.oss.sonatype.org/content/repositories/snapshots/com/github/plokhotnyuk/jsoniter-scala/jsoniter-scala-core_2.12/2.13.5.2/jsoniter-scala-core_2.12-2.13.5.2.pom.sha1[0m
2025.04.04 12:46:54 INFO  BSP server: Downloading https://repo1.maven.org/maven2/com/github/plokhotnyuk/jsoniter-scala/jsoniter-scala-core_2.12/2.13.5.2/jsoniter-scala-core_2.12-2.13.5.2.pom[0m
2025.04.04 12:46:54 INFO  BSP server: Downloaded https://repo1.maven.org/maven2/com/github/plokhotnyuk/jsoniter-scala/jsoniter-scala-core_2.12/2.13.5.2/jsoniter-scala-core_2.12-2.13.5.2.pom[0m
2025.04.04 12:46:54 INFO  BSP server: Downloading https://oss.sonatype.org/content/repositories/snapshots/org/scala-sbt/zinc-classfile_2.12/1.10.7/zinc-classfile_2.12-1.10.7.pom[0m
2025.04.04 12:46:54 INFO  BSP server: Downloading https://oss.sonatype.org/content/repositories/snapshots/org/scala-sbt/zinc-persist_2.12/1.10.7/zinc-persist_2.12-1.10.7.pom[0m
2025.04.04 12:46:54 INFO  BSP server: Downloading https://oss.sonatype.org/content/repositories/snapshots/org/scala-sbt/zinc-compile-core_2.12/1.10.7/zinc-compile-core_2.12-1.10.7.pom[0m
2025.04.04 12:46:54 INFO  BSP server: Downloading https://oss.sonatype.org/content/repositories/snapshots/org/scala-sbt/zinc-core_2.12/1.10.7/zinc-core_2.12-1.10.7.pom[0m
2025.04.04 12:46:54 INFO  BSP server: Downloading https://oss.sonatype.org/content/repositories/snapshots/org/scala-sbt/librarymanagement-core_2.12/1.10.3/librarymanagement-core_2.12-1.10.3.pom[0m
2025.04.04 12:46:54 INFO  BSP server: Downloading https://oss.sonatype.org/content/repositories/snapshots/org/scalameta/trees_2.12/4.12.6/trees_2.12-4.12.6.pom[0m
2025.04.04 12:46:54 INFO  BSP server: Downloaded https://oss.sonatype.org/content/repositories/snapshots/org/scala-sbt/zinc-compile-core_2.12/1.10.7/zinc-compile-core_2.12-1.10.7.pom[0m
2025.04.04 12:46:54 INFO  BSP server: Downloaded https://oss.sonatype.org/content/repositories/snapshots/org/scala-sbt/zinc-persist_2.12/1.10.7/zinc-persist_2.12-1.10.7.pom[0m
2025.04.04 12:46:54 INFO  BSP server: Downloading https://oss.sonatype.org/content/repositories/snapshots/org/scala-sbt/zinc-compile-core_2.12/1.10.7/zinc-compile-core_2.12-1.10.7.pom.sha1[0m
2025.04.04 12:46:54 INFO  BSP server: Downloaded https://oss.sonatype.org/content/repositories/snapshots/org/scala-sbt/librarymanagement-core_2.12/1.10.3/librarymanagement-core_2.12-1.10.3.pom[0m
2025.04.04 12:46:54 INFO  BSP server: Downloading https://oss.sonatype.org/content/repositories/snapshots/org/scala-sbt/zinc-persist_2.12/1.10.7/zinc-persist_2.12-1.10.7.pom.sha1[0m
2025.04.04 12:46:54 INFO  BSP server: Downloading https://oss.sonatype.org/content/repositories/snapshots/org/scala-sbt/librarymanagement-core_2.12/1.10.3/librarymanagement-core_2.12-1.10.3.pom.sha1[0m
2025.04.04 12:46:54 INFO  BSP server: Downloaded https://oss.sonatype.org/content/repositories/snapshots/org/scala-sbt/zinc-classfile_2.12/1.10.7/zinc-classfile_2.12-1.10.7.pom[0m
2025.04.04 12:46:54 INFO  BSP server: Downloading https://oss.sonatype.org/content/repositories/snapshots/org/scala-sbt/zinc-classfile_2.12/1.10.7/zinc-classfile_2.12-1.10.7.pom.sha1[0m
2025.04.04 12:46:54 INFO  BSP server: Downloaded https://oss.sonatype.org/content/repositories/snapshots/org/scala-sbt/zinc-core_2.12/1.10.7/zinc-core_2.12-1.10.7.pom[0m
2025.04.04 12:46:54 INFO  BSP server: Downloading https://oss.sonatype.org/content/repositories/snapshots/org/scala-sbt/zinc-core_2.12/1.10.7/zinc-core_2.12-1.10.7.pom.sha1[0m
2025.04.04 12:46:54 INFO  BSP server: Downloaded https://oss.sonatype.org/content/repositories/snapshots/org/scala-sbt/zinc-compile-core_2.12/1.10.7/zinc-compile-core_2.12-1.10.7.pom.sha1[0m
2025.04.04 12:46:54 INFO  BSP server: Downloading https://s01.oss.sonatype.org/content/repositories/snapshots/org/scala-sbt/zinc-compile-core_2.12/1.10.7/zinc-compile-core_2.12-1.10.7.pom[0m
2025.04.04 12:46:54 INFO  BSP server: Downloaded https://oss.sonatype.org/content/repositories/snapshots/org/scala-sbt/librarymanagement-core_2.12/1.10.3/librarymanagement-core_2.12-1.10.3.pom.sha1[0m
2025.04.04 12:46:54 INFO  BSP server: Downloading https://s01.oss.sonatype.org/content/repositories/snapshots/org/scala-sbt/librarymanagement-core_2.12/1.10.3/librarymanagement-core_2.12-1.10.3.pom[0m
2025.04.04 12:46:54 INFO  BSP server: Downloaded https://oss.sonatype.org/content/repositories/snapshots/org/scala-sbt/zinc-classfile_2.12/1.10.7/zinc-classfile_2.12-1.10.7.pom.sha1[0m
2025.04.04 12:46:54 INFO  BSP server: Downloading https://s01.oss.sonatype.org/content/repositories/snapshots/org/scala-sbt/zinc-classfile_2.12/1.10.7/zinc-classfile_2.12-1.10.7.pom[0m
2025.04.04 12:46:54 INFO  BSP server: Downloaded https://oss.sonatype.org/content/repositories/snapshots/org/scala-sbt/zinc-persist_2.12/1.10.7/zinc-persist_2.12-1.10.7.pom.sha1[0m
2025.04.04 12:46:54 INFO  BSP server: Downloading https://s01.oss.sonatype.org/content/repositories/snapshots/org/scala-sbt/zinc-persist_2.12/1.10.7/zinc-persist_2.12-1.10.7.pom[0m
2025.04.04 12:46:54 INFO  BSP server: Downloaded https://oss.sonatype.org/content/repositories/snapshots/org/scala-sbt/zinc-core_2.12/1.10.7/zinc-core_2.12-1.10.7.pom.sha1[0m
2025.04.04 12:46:54 INFO  BSP server: Downloading https://s01.oss.sonatype.org/content/repositories/snapshots/org/scala-sbt/zinc-core_2.12/1.10.7/zinc-core_2.12-1.10.7.pom[0m
2025.04.04 12:46:54 INFO  BSP server: Downloaded https://oss.sonatype.org/content/repositories/snapshots/org/scalameta/trees_2.12/4.12.6/trees_2.12-4.12.6.pom[0m
2025.04.04 12:46:54 INFO  BSP server: Downloading https://oss.sonatype.org/content/repositories/snapshots/org/scalameta/trees_2.12/4.12.6/trees_2.12-4.12.6.pom.sha1[0m
2025.04.04 12:46:54 INFO  BSP server: Downloaded https://oss.sonatype.org/content/repositories/snapshots/org/scalameta/trees_2.12/4.12.6/trees_2.12-4.12.6.pom.sha1[0m
2025.04.04 12:46:54 INFO  BSP server: Downloading https://s01.oss.sonatype.org/content/repositories/snapshots/org/scalameta/trees_2.12/4.12.6/trees_2.12-4.12.6.pom[0m
2025.04.04 12:46:54 INFO  BSP server: Downloaded https://s01.oss.sonatype.org/content/repositories/snapshots/org/scala-sbt/zinc-classfile_2.12/1.10.7/zinc-classfile_2.12-1.10.7.pom[0m
2025.04.04 12:46:54 INFO  BSP server: Downloading https://s01.oss.sonatype.org/content/repositories/snapshots/org/scala-sbt/zinc-classfile_2.12/1.10.7/zinc-classfile_2.12-1.10.7.pom.sha1[0m
2025.04.04 12:46:54 INFO  BSP server: Downloaded https://s01.oss.sonatype.org/content/repositories/snapshots/org/scala-sbt/zinc-compile-core_2.12/1.10.7/zinc-compile-core_2.12-1.10.7.pom[0m
2025.04.04 12:46:54 INFO  BSP server: Downloading https://s01.oss.sonatype.org/content/repositories/snapshots/org/scala-sbt/zinc-compile-core_2.12/1.10.7/zinc-compile-core_2.12-1.10.7.pom.sha1[0m
2025.04.04 12:46:54 INFO  BSP server: Downloaded https://s01.oss.sonatype.org/content/repositories/snapshots/org/scala-sbt/librarymanagement-core_2.12/1.10.3/librarymanagement-core_2.12-1.10.3.pom[0m
2025.04.04 12:46:54 INFO  BSP server: Downloading https://s01.oss.sonatype.org/content/repositories/snapshots/org/scala-sbt/librarymanagement-core_2.12/1.10.3/librarymanagement-core_2.12-1.10.3.pom.sha1[0m
2025.04.04 12:46:54 INFO  BSP server: Downloaded https://s01.oss.sonatype.org/content/repositories/snapshots/org/scala-sbt/zinc-persist_2.12/1.10.7/zinc-persist_2.12-1.10.7.pom[0m
2025.04.04 12:46:54 INFO  BSP server: Downloading https://s01.oss.sonatype.org/content/repositories/snapshots/org/scala-sbt/zinc-persist_2.12/1.10.7/zinc-persist_2.12-1.10.7.pom.sha1[0m
2025.04.04 12:46:54 INFO  BSP server: Downloaded https://s01.oss.sonatype.org/content/repositories/snapshots/org/scalameta/trees_2.12/4.12.6/trees_2.12-4.12.6.pom[0m
2025.04.04 12:46:54 INFO  BSP server: Downloading https://s01.oss.sonatype.org/content/repositories/snapshots/org/scalameta/trees_2.12/4.12.6/trees_2.12-4.12.6.pom.sha1[0m
2025.04.04 12:46:54 INFO  BSP server: Downloaded https://s01.oss.sonatype.org/content/repositories/snapshots/org/scala-sbt/zinc-classfile_2.12/1.10.7/zinc-classfile_2.12-1.10.7.pom.sha1[0m
2025.04.04 12:46:54 INFO  BSP server: Downloading https://repo1.maven.org/maven2/org/scala-sbt/zinc-classfile_2.12/1.10.7/zinc-classfile_2.12-1.10.7.pom[0m
2025.04.04 12:46:54 INFO  BSP server: Downloaded https://repo1.maven.org/maven2/org/scala-sbt/zinc-classfile_2.12/1.10.7/zinc-classfile_2.12-1.10.7.pom[0m
2025.04.04 12:46:54 INFO  BSP server: Downloaded https://s01.oss.sonatype.org/content/repositories/snapshots/org/scala-sbt/zinc-persist_2.12/1.10.7/zinc-persist_2.12-1.10.7.pom.sha1[0m
2025.04.04 12:46:54 INFO  BSP server: Downloading https://repo1.maven.org/maven2/org/scala-sbt/zinc-persist_2.12/1.10.7/zinc-persist_2.12-1.10.7.pom[0m
2025.04.04 12:46:54 INFO  BSP server: Downloaded https://s01.oss.sonatype.org/content/repositories/snapshots/org/scala-sbt/zinc-compile-core_2.12/1.10.7/zinc-compile-core_2.12-1.10.7.pom.sha1[0m
2025.04.04 12:46:54 INFO  BSP server: Downloading https://repo1.maven.org/maven2/org/scala-sbt/zinc-compile-core_2.12/1.10.7/zinc-compile-core_2.12-1.10.7.pom[0m
2025.04.04 12:46:54 INFO  BSP server: Downloaded https://s01.oss.sonatype.org/content/repositories/snapshots/org/scala-sbt/librarymanagement-core_2.12/1.10.3/librarymanagement-core_2.12-1.10.3.pom.sha1[0m
2025.04.04 12:46:54 INFO  BSP server: Downloading https://repo1.maven.org/maven2/org/scala-sbt/librarymanagement-core_2.12/1.10.3/librarymanagement-core_2.12-1.10.3.pom[0m
2025.04.04 12:46:54 INFO  BSP server: Downloaded https://repo1.maven.org/maven2/org/scala-sbt/zinc-compile-core_2.12/1.10.7/zinc-compile-core_2.12-1.10.7.pom[0m
2025.04.04 12:46:54 INFO  BSP server: Downloaded https://repo1.maven.org/maven2/org/scala-sbt/librarymanagement-core_2.12/1.10.3/librarymanagement-core_2.12-1.10.3.pom[0m
2025.04.04 12:46:54 INFO  BSP server: Downloaded https://repo1.maven.org/maven2/org/scala-sbt/zinc-persist_2.12/1.10.7/zinc-persist_2.12-1.10.7.pom[0m
2025.04.04 12:46:55 INFO  BSP server: Downloaded https://s01.oss.sonatype.org/content/repositories/snapshots/org/scalameta/trees_2.12/4.12.6/trees_2.12-4.12.6.pom.sha1[0m
2025.04.04 12:46:55 INFO  BSP server: Downloading https://repo1.maven.org/maven2/org/scalameta/trees_2.12/4.12.6/trees_2.12-4.12.6.pom[0m
2025.04.04 12:46:55 INFO  BSP server: Downloaded https://repo1.maven.org/maven2/org/scalameta/trees_2.12/4.12.6/trees_2.12-4.12.6.pom[0m
2025.04.04 12:46:55 INFO  BSP server: Downloaded https://s01.oss.sonatype.org/content/repositories/snapshots/org/scala-sbt/zinc-core_2.12/1.10.7/zinc-core_2.12-1.10.7.pom[0m
2025.04.04 12:46:55 INFO  BSP server: Downloading https://s01.oss.sonatype.org/content/repositories/snapshots/org/scala-sbt/zinc-core_2.12/1.10.7/zinc-core_2.12-1.10.7.pom.sha1[0m
2025.04.04 12:46:55 INFO  BSP server: Downloaded https://s01.oss.sonatype.org/content/repositories/snapshots/org/scala-sbt/zinc-core_2.12/1.10.7/zinc-core_2.12-1.10.7.pom.sha1[0m
2025.04.04 12:46:55 INFO  BSP server: Downloading https://repo1.maven.org/maven2/org/scala-sbt/zinc-core_2.12/1.10.7/zinc-core_2.12-1.10.7.pom[0m
2025.04.04 12:46:55 INFO  BSP server: Downloaded https://repo1.maven.org/maven2/org/scala-sbt/zinc-core_2.12/1.10.7/zinc-core_2.12-1.10.7.pom[0m
2025.04.04 12:46:55 INFO  BSP server: Downloading https://oss.sonatype.org/content/repositories/snapshots/org/scala-sbt/util-cache_2.12/1.10.6/util-cache_2.12-1.10.6.pom[0m
2025.04.04 12:46:55 INFO  BSP server: Downloading https://oss.sonatype.org/content/repositories/snapshots/org/scala-sbt/zinc-persist-core-assembly/1.10.7/zinc-persist-core-assembly-1.10.7.pom[0m
2025.04.04 12:46:55 INFO  BSP server: Downloading https://oss.sonatype.org/content/repositories/snapshots/org/scala-sbt/util-control_2.12/1.10.7/util-control_2.12-1.10.7.pom[0m
2025.04.04 12:46:55 INFO  BSP server: Downloading https://oss.sonatype.org/content/repositories/snapshots/org/scala-sbt/zinc-apiinfo_2.12/1.10.7/zinc-apiinfo_2.12-1.10.7.pom[0m
2025.04.04 12:46:55 INFO  BSP server: Downloading https://oss.sonatype.org/content/repositories/snapshots/org/scala-sbt/util-relation_2.12/1.10.7/util-relation_2.12-1.10.7.pom[0m
2025.04.04 12:46:55 INFO  BSP server: Downloading https://oss.sonatype.org/content/repositories/snapshots/org/scala-sbt/util-logging_2.12/1.10.7/util-logging_2.12-1.10.7.pom[0m
2025.04.04 12:46:55 INFO  BSP server: Downloaded https://oss.sonatype.org/content/repositories/snapshots/org/scala-sbt/zinc-apiinfo_2.12/1.10.7/zinc-apiinfo_2.12-1.10.7.pom[0m
2025.04.04 12:46:55 INFO  BSP server: Downloaded https://oss.sonatype.org/content/repositories/snapshots/org/scala-sbt/util-cache_2.12/1.10.6/util-cache_2.12-1.10.6.pom[0m
2025.04.04 12:46:55 INFO  BSP server: Downloading https://oss.sonatype.org/content/repositories/snapshots/com/github/mwiede/jsch/0.2.21/jsch-0.2.21.pom[0m
2025.04.04 12:46:55 INFO  BSP server: Downloading https://oss.sonatype.org/content/repositories/snapshots/org/scala-sbt/io_2.12/1.10.3/io_2.12-1.10.3.pom[0m
2025.04.04 12:46:55 INFO  BSP server: Downloaded https://oss.sonatype.org/content/repositories/snapshots/org/scala-sbt/util-control_2.12/1.10.7/util-control_2.12-1.10.7.pom[0m
2025.04.04 12:46:55 INFO  BSP server: Downloading https://oss.sonatype.org/content/repositories/snapshots/org/scala-sbt/zinc-classpath_2.12/1.10.7/zinc-classpath_2.12-1.10.7.pom[0m
2025.04.04 12:46:55 INFO  BSP server: Downloaded https://oss.sonatype.org/content/repositories/snapshots/org/scala-sbt/util-relation_2.12/1.10.7/util-relation_2.12-1.10.7.pom[0m
2025.04.04 12:46:55 INFO  BSP server: Downloaded https://oss.sonatype.org/content/repositories/snapshots/org/scala-sbt/zinc-persist-core-assembly/1.10.7/zinc-persist-core-assembly-1.10.7.pom[0m
2025.04.04 12:46:55 INFO  BSP server: Downloading https://oss.sonatype.org/content/repositories/snapshots/org/scala-sbt/zinc-apiinfo_2.12/1.10.7/zinc-apiinfo_2.12-1.10.7.pom.sha1[0m
2025.04.04 12:46:55 INFO  BSP server: Downloading https://oss.sonatype.org/content/repositories/snapshots/org/scala-sbt/util-cache_2.12/1.10.6/util-cache_2.12-1.10.6.pom.sha1[0m
2025.04.04 12:46:56 INFO  BSP server: Downloaded https://oss.sonatype.org/content/repositories/snapshots/com/github/mwiede/jsch/0.2.21/jsch-0.2.21.pom[0m
2025.04.04 12:46:56 INFO  BSP server: Downloading https://oss.sonatype.org/content/repositories/snapshots/org/scala-sbt/util-control_2.12/1.10.7/util-control_2.12-1.10.7.pom.sha1[0m
2025.04.04 12:46:56 INFO  BSP server: Downloaded https://oss.sonatype.org/content/repositories/snapshots/org/scala-sbt/io_2.12/1.10.3/io_2.12-1.10.3.pom[0m
2025.04.04 12:46:56 INFO  BSP server: Downloading https://oss.sonatype.org/content/repositories/snapshots/org/scala-sbt/util-relation_2.12/1.10.7/util-relation_2.12-1.10.7.pom.sha1[0m
2025.04.04 12:46:56 INFO  BSP server: Downloaded https://oss.sonatype.org/content/repositories/snapshots/org/scala-sbt/zinc-classpath_2.12/1.10.7/zinc-classpath_2.12-1.10.7.pom[0m
2025.04.04 12:46:56 INFO  BSP server: Downloading https://oss.sonatype.org/content/repositories/snapshots/org/scala-sbt/zinc-persist-core-assembly/1.10.7/zinc-persist-core-assembly-1.10.7.pom.sha1[0m
2025.04.04 12:46:56 INFO  BSP server: Downloaded https://oss.sonatype.org/content/repositories/snapshots/org/scala-sbt/util-cache_2.12/1.10.6/util-cache_2.12-1.10.6.pom.sha1[0m
2025.04.04 12:46:56 INFO  BSP server: Downloading https://oss.sonatype.org/content/repositories/snapshots/com/github/mwiede/jsch/0.2.21/jsch-0.2.21.pom.sha1[0m
2025.04.04 12:46:56 INFO  BSP server: Downloaded https://oss.sonatype.org/content/repositories/snapshots/org/scala-sbt/zinc-apiinfo_2.12/1.10.7/zinc-apiinfo_2.12-1.10.7.pom.sha1[0m
2025.04.04 12:46:56 INFO  BSP server: Downloading https://oss.sonatype.org/content/repositories/snapshots/org/scalameta/common_2.12/4.12.6/common_2.12-4.12.6.pom[0m
2025.04.04 12:46:56 INFO  BSP server: Downloaded https://oss.sonatype.org/content/repositories/snapshots/org/scala-sbt/util-control_2.12/1.10.7/util-control_2.12-1.10.7.pom.sha1[0m
2025.04.04 12:46:56 INFO  BSP server: Downloaded https://oss.sonatype.org/content/repositories/snapshots/org/scala-sbt/zinc-persist-core-assembly/1.10.7/zinc-persist-core-assembly-1.10.7.pom.sha1[0m
2025.04.04 12:46:56 INFO  BSP server: Downloaded https://oss.sonatype.org/content/repositories/snapshots/org/scala-sbt/util-relation_2.12/1.10.7/util-relation_2.12-1.10.7.pom.sha1[0m
2025.04.04 12:46:56 INFO  BSP server: Downloading https://oss.sonatype.org/content/repositories/snapshots/org/scala-sbt/io_2.12/1.10.3/io_2.12-1.10.3.pom.sha1[0m
2025.04.04 12:46:56 INFO  BSP server: Downloading https://oss.sonatype.org/content/repositories/snapshots/org/scala-sbt/util-position_2.12/1.10.6/util-position_2.12-1.10.6.pom[0m
2025.04.04 12:46:56 INFO  BSP server: Downloading https://oss.sonatype.org/content/repositories/snapshots/org/scala-sbt/zinc-classpath_2.12/1.10.7/zinc-classpath_2.12-1.10.7.pom.sha1[0m
2025.04.04 12:46:56 INFO  BSP server: Downloaded https://oss.sonatype.org/content/repositories/snapshots/org/scala-sbt/util-logging_2.12/1.10.7/util-logging_2.12-1.10.7.pom[0m
2025.04.04 12:46:56 INFO  BSP server: Downloading https://oss.sonatype.org/content/repositories/snapshots/org/scala-sbt/compiler-interface/1.10.7/compiler-interface-1.10.7.pom[0m
2025.04.04 12:46:56 INFO  BSP server: Downloaded https://oss.sonatype.org/content/repositories/snapshots/com/github/mwiede/jsch/0.2.21/jsch-0.2.21.pom.sha1[0m
2025.04.04 12:46:56 INFO  BSP server: Downloading https://oss.sonatype.org/content/repositories/snapshots/org/scala-sbt/util-logging_2.12/1.10.7/util-logging_2.12-1.10.7.pom.sha1[0m
2025.04.04 12:46:56 INFO  BSP server: Downloaded https://oss.sonatype.org/content/repositories/snapshots/org/scalameta/common_2.12/4.12.6/common_2.12-4.12.6.pom[0m
2025.04.04 12:46:56 INFO  BSP server: Downloading https://s01.oss.sonatype.org/content/repositories/snapshots/org/scala-sbt/util-cache_2.12/1.10.6/util-cache_2.12-1.10.6.pom[0m
2025.04.04 12:46:56 INFO  BSP server: Downloaded https://oss.sonatype.org/content/repositories/snapshots/org/scala-sbt/util-position_2.12/1.10.6/util-position_2.12-1.10.6.pom[0m
2025.04.04 12:46:56 INFO  BSP server: Downloaded https://oss.sonatype.org/content/repositories/snapshots/org/scala-sbt/io_2.12/1.10.3/io_2.12-1.10.3.pom.sha1[0m
2025.04.04 12:46:56 INFO  BSP server: Downloaded https://oss.sonatype.org/content/repositories/snapshots/org/scala-sbt/zinc-classpath_2.12/1.10.7/zinc-classpath_2.12-1.10.7.pom.sha1[0m
2025.04.04 12:46:56 INFO  BSP server: Downloading https://s01.oss.sonatype.org/content/repositories/snapshots/org/scala-sbt/zinc-apiinfo_2.12/1.10.7/zinc-apiinfo_2.12-1.10.7.pom[0m
2025.04.04 12:46:56 INFO  BSP server: Downloading https://s01.oss.sonatype.org/content/repositories/snapshots/org/scala-sbt/zinc-persist-core-assembly/1.10.7/zinc-persist-core-assembly-1.10.7.pom[0m
2025.04.04 12:46:56 INFO  BSP server: Downloading https://s01.oss.sonatype.org/content/repositories/snapshots/org/scala-sbt/util-relation_2.12/1.10.7/util-relation_2.12-1.10.7.pom[0m
2025.04.04 12:46:56 INFO  BSP server: Downloaded https://oss.sonatype.org/content/repositories/snapshots/org/scala-sbt/util-logging_2.12/1.10.7/util-logging_2.12-1.10.7.pom.sha1[0m
2025.04.04 12:46:56 INFO  BSP server: Downloading https://s01.oss.sonatype.org/content/repositories/snapshots/org/scala-sbt/util-control_2.12/1.10.7/util-control_2.12-1.10.7.pom[0m
2025.04.04 12:46:56 INFO  BSP server: Downloaded https://oss.sonatype.org/content/repositories/snapshots/org/scala-sbt/compiler-interface/1.10.7/compiler-interface-1.10.7.pom[0m
2025.04.04 12:46:56 INFO  BSP server: Downloading https://oss.sonatype.org/content/repositories/snapshots/org/scalameta/common_2.12/4.12.6/common_2.12-4.12.6.pom.sha1[0m
2025.04.04 12:46:56 INFO  BSP server: Downloaded https://oss.sonatype.org/content/repositories/snapshots/org/scalameta/common_2.12/4.12.6/common_2.12-4.12.6.pom.sha1[0m
2025.04.04 12:46:56 INFO  BSP server: Downloading https://oss.sonatype.org/content/repositories/snapshots/org/scala-sbt/util-position_2.12/1.10.6/util-position_2.12-1.10.6.pom.sha1[0m
2025.04.04 12:46:56 INFO  BSP server: Downloaded https://s01.oss.sonatype.org/content/repositories/snapshots/org/scala-sbt/util-cache_2.12/1.10.6/util-cache_2.12-1.10.6.pom[0m
2025.04.04 12:46:56 INFO  BSP server: Downloading https://s01.oss.sonatype.org/content/repositories/snapshots/com/github/mwiede/jsch/0.2.21/jsch-0.2.21.pom[0m
2025.04.04 12:46:56 INFO  BSP server: Downloaded https://s01.oss.sonatype.org/content/repositories/snapshots/org/scala-sbt/util-relation_2.12/1.10.7/util-relation_2.12-1.10.7.pom[0m
2025.04.04 12:46:56 INFO  BSP server: Downloaded https://s01.oss.sonatype.org/content/repositories/snapshots/org/scala-sbt/zinc-persist-core-assembly/1.10.7/zinc-persist-core-assembly-1.10.7.pom[0m
2025.04.04 12:46:56 INFO  BSP server: Downloaded https://s01.oss.sonatype.org/content/repositories/snapshots/org/scala-sbt/util-control_2.12/1.10.7/util-control_2.12-1.10.7.pom[0m
2025.04.04 12:46:56 INFO  BSP server: Downloading https://oss.sonatype.org/content/repositories/snapshots/org/scala-sbt/compiler-interface/1.10.7/compiler-interface-1.10.7.pom.sha1[0m
2025.04.04 12:46:56 INFO  BSP server: Downloading https://s01.oss.sonatype.org/content/repositories/snapshots/org/scala-sbt/util-relation_2.12/1.10.7/util-relation_2.12-1.10.7.pom.sha1[0m
2025.04.04 12:46:56 INFO  BSP server: Downloading https://s01.oss.sonatype.org/content/repositories/snapshots/org/scala-sbt/zinc-persist-core-assembly/1.10.7/zinc-persist-core-assembly-1.10.7.pom.sha1[0m
2025.04.04 12:46:56 INFO  BSP server: Downloaded https://oss.sonatype.org/content/repositories/snapshots/org/scala-sbt/compiler-interface/1.10.7/compiler-interface-1.10.7.pom.sha1[0m
2025.04.04 12:46:56 INFO  BSP server: Downloading https://s01.oss.sonatype.org/content/repositories/snapshots/org/scala-sbt/io_2.12/1.10.3/io_2.12-1.10.3.pom[0m
2025.04.04 12:46:56 INFO  BSP server: Downloaded https://oss.sonatype.org/content/repositories/snapshots/org/scala-sbt/util-position_2.12/1.10.6/util-position_2.12-1.10.6.pom.sha1[0m
2025.04.04 12:46:56 INFO  BSP server: Downloading https://s01.oss.sonatype.org/content/repositories/snapshots/org/scala-sbt/zinc-classpath_2.12/1.10.7/zinc-classpath_2.12-1.10.7.pom[0m
2025.04.04 12:46:56 INFO  BSP server: Downloaded https://s01.oss.sonatype.org/content/repositories/snapshots/com/github/mwiede/jsch/0.2.21/jsch-0.2.21.pom[0m
2025.04.04 12:46:56 INFO  BSP server: Downloading https://s01.oss.sonatype.org/content/repositories/snapshots/org/scala-sbt/util-cache_2.12/1.10.6/util-cache_2.12-1.10.6.pom.sha1[0m
2025.04.04 12:46:56 INFO  BSP server: Downloaded https://s01.oss.sonatype.org/content/repositories/snapshots/org/scala-sbt/zinc-persist-core-assembly/1.10.7/zinc-persist-core-assembly-1.10.7.pom.sha1[0m
2025.04.04 12:46:56 INFO  BSP server: Downloading https://s01.oss.sonatype.org/content/repositories/snapshots/org/scala-sbt/util-control_2.12/1.10.7/util-control_2.12-1.10.7.pom.sha1[0m
2025.04.04 12:46:56 INFO  BSP server: Downloaded https://s01.oss.sonatype.org/content/repositories/snapshots/org/scala-sbt/io_2.12/1.10.3/io_2.12-1.10.3.pom[0m
2025.04.04 12:46:56 INFO  BSP server: Downloading https://s01.oss.sonatype.org/content/repositories/snapshots/org/scala-sbt/util-logging_2.12/1.10.7/util-logging_2.12-1.10.7.pom[0m
2025.04.04 12:46:56 INFO  BSP server: Downloaded https://s01.oss.sonatype.org/content/repositories/snapshots/org/scala-sbt/util-relation_2.12/1.10.7/util-relation_2.12-1.10.7.pom.sha1[0m
2025.04.04 12:46:56 INFO  BSP server: Downloading https://s01.oss.sonatype.org/content/repositories/snapshots/org/scalameta/common_2.12/4.12.6/common_2.12-4.12.6.pom[0m
2025.04.04 12:46:56 INFO  BSP server: Downloaded https://s01.oss.sonatype.org/content/repositories/snapshots/org/scala-sbt/zinc-apiinfo_2.12/1.10.7/zinc-apiinfo_2.12-1.10.7.pom[0m
2025.04.04 12:46:56 INFO  BSP server: Downloading https://s01.oss.sonatype.org/content/repositories/snapshots/com/github/mwiede/jsch/0.2.21/jsch-0.2.21.pom.sha1[0m
2025.04.04 12:46:56 INFO  BSP server: Downloaded https://s01.oss.sonatype.org/content/repositories/snapshots/org/scala-sbt/util-cache_2.12/1.10.6/util-cache_2.12-1.10.6.pom.sha1[0m
2025.04.04 12:46:56 INFO  BSP server: Downloading https://s01.oss.sonatype.org/content/repositories/snapshots/org/scala-sbt/io_2.12/1.10.3/io_2.12-1.10.3.pom.sha1[0m
2025.04.04 12:46:56 INFO  BSP server: Downloaded https://s01.oss.sonatype.org/content/repositories/snapshots/org/scala-sbt/zinc-classpath_2.12/1.10.7/zinc-classpath_2.12-1.10.7.pom[0m
2025.04.04 12:46:56 INFO  BSP server: Downloading https://s01.oss.sonatype.org/content/repositories/snapshots/org/scala-sbt/zinc-apiinfo_2.12/1.10.7/zinc-apiinfo_2.12-1.10.7.pom.sha1[0m
2025.04.04 12:46:57 INFO  BSP server: Downloaded https://s01.oss.sonatype.org/content/repositories/snapshots/org/scala-sbt/util-control_2.12/1.10.7/util-control_2.12-1.10.7.pom.sha1[0m
2025.04.04 12:46:57 INFO  BSP server: Downloading https://s01.oss.sonatype.org/content/repositories/snapshots/org/scala-sbt/compiler-interface/1.10.7/compiler-interface-1.10.7.pom[0m
2025.04.04 12:46:57 INFO  BSP server: Downloaded https://s01.oss.sonatype.org/content/repositories/snapshots/com/github/mwiede/jsch/0.2.21/jsch-0.2.21.pom.sha1[0m
2025.04.04 12:46:57 INFO  BSP server: Downloading https://s01.oss.sonatype.org/content/repositories/snapshots/org/scala-sbt/util-position_2.12/1.10.6/util-position_2.12-1.10.6.pom[0m
2025.04.04 12:46:57 INFO  BSP server: Downloaded https://s01.oss.sonatype.org/content/repositories/snapshots/org/scalameta/common_2.12/4.12.6/common_2.12-4.12.6.pom[0m
2025.04.04 12:46:57 INFO  BSP server: Downloading https://s01.oss.sonatype.org/content/repositories/snapshots/org/scala-sbt/zinc-classpath_2.12/1.10.7/zinc-classpath_2.12-1.10.7.pom.sha1[0m
2025.04.04 12:46:57 INFO  BSP server: Downloaded https://s01.oss.sonatype.org/content/repositories/snapshots/org/scala-sbt/util-logging_2.12/1.10.7/util-logging_2.12-1.10.7.pom[0m
2025.04.04 12:46:57 INFO  BSP server: Downloading https://s01.oss.sonatype.org/content/repositories/snapshots/org/scalameta/common_2.12/4.12.6/common_2.12-4.12.6.pom.sha1[0m
2025.04.04 12:46:57 INFO  BSP server: Downloaded https://s01.oss.sonatype.org/content/repositories/snapshots/org/scala-sbt/io_2.12/1.10.3/io_2.12-1.10.3.pom.sha1[0m
2025.04.04 12:46:57 INFO  BSP server: Downloading https://s01.oss.sonatype.org/content/repositories/snapshots/org/scala-sbt/util-logging_2.12/1.10.7/util-logging_2.12-1.10.7.pom.sha1[0m
2025.04.04 12:46:57 INFO  BSP server: Downloaded https://s01.oss.sonatype.org/content/repositories/snapshots/org/scala-sbt/zinc-apiinfo_2.12/1.10.7/zinc-apiinfo_2.12-1.10.7.pom.sha1[0m
2025.04.04 12:46:57 INFO  BSP server: Downloading https://repo1.maven.org/maven2/org/scala-sbt/zinc-persist-core-assembly/1.10.7/zinc-persist-core-assembly-1.10.7.pom[0m
2025.04.04 12:46:57 INFO  BSP server: Downloaded https://repo1.maven.org/maven2/org/scala-sbt/zinc-persist-core-assembly/1.10.7/zinc-persist-core-assembly-1.10.7.pom[0m
2025.04.04 12:46:57 INFO  BSP server: Downloading https://repo1.maven.org/maven2/org/scala-sbt/util-relation_2.12/1.10.7/util-relation_2.12-1.10.7.pom[0m
2025.04.04 12:46:57 INFO  BSP server: Downloaded https://repo1.maven.org/maven2/org/scala-sbt/util-relation_2.12/1.10.7/util-relation_2.12-1.10.7.pom[0m
2025.04.04 12:46:57 INFO  BSP server: Downloading https://repo1.maven.org/maven2/org/scala-sbt/util-cache_2.12/1.10.6/util-cache_2.12-1.10.6.pom[0m
2025.04.04 12:46:57 INFO  BSP server: Downloaded https://repo1.maven.org/maven2/org/scala-sbt/util-cache_2.12/1.10.6/util-cache_2.12-1.10.6.pom[0m
2025.04.04 12:46:57 INFO  BSP server: Downloading https://repo1.maven.org/maven2/org/scala-sbt/util-control_2.12/1.10.7/util-control_2.12-1.10.7.pom[0m
2025.04.04 12:46:57 INFO  BSP server: Downloaded https://repo1.maven.org/maven2/org/scala-sbt/util-control_2.12/1.10.7/util-control_2.12-1.10.7.pom[0m
2025.04.04 12:46:57 INFO  BSP server: Downloading https://repo1.maven.org/maven2/com/github/mwiede/jsch/0.2.21/jsch-0.2.21.pom[0m
2025.04.04 12:46:57 INFO  BSP server: Downloaded https://repo1.maven.org/maven2/com/github/mwiede/jsch/0.2.21/jsch-0.2.21.pom[0m
2025.04.04 12:46:57 INFO  BSP server: Downloading https://repo1.maven.org/maven2/org/scala-sbt/io_2.12/1.10.3/io_2.12-1.10.3.pom[0m
2025.04.04 12:46:57 INFO  BSP server: Downloaded https://repo1.maven.org/maven2/org/scala-sbt/io_2.12/1.10.3/io_2.12-1.10.3.pom[0m
2025.04.04 12:46:57 INFO  BSP server: Downloading https://repo1.maven.org/maven2/org/scala-sbt/zinc-apiinfo_2.12/1.10.7/zinc-apiinfo_2.12-1.10.7.pom[0m
2025.04.04 12:46:57 INFO  BSP server: Downloaded https://s01.oss.sonatype.org/content/repositories/snapshots/org/scala-sbt/util-position_2.12/1.10.6/util-position_2.12-1.10.6.pom[0m
2025.04.04 12:46:57 INFO  BSP server: Downloaded https://s01.oss.sonatype.org/content/repositories/snapshots/org/scala-sbt/compiler-interface/1.10.7/compiler-interface-1.10.7.pom[0m
2025.04.04 12:46:57 INFO  BSP server: Downloading https://s01.oss.sonatype.org/content/repositories/snapshots/org/scala-sbt/util-position_2.12/1.10.6/util-position_2.12-1.10.6.pom.sha1[0m
2025.04.04 12:46:57 INFO  BSP server: Downloading https://s01.oss.sonatype.org/content/repositories/snapshots/org/scala-sbt/compiler-interface/1.10.7/compiler-interface-1.10.7.pom.sha1[0m
2025.04.04 12:46:57 INFO  BSP server: Downloaded https://s01.oss.sonatype.org/content/repositories/snapshots/org/scalameta/common_2.12/4.12.6/common_2.12-4.12.6.pom.sha1[0m
2025.04.04 12:46:57 INFO  BSP server: Downloaded https://s01.oss.sonatype.org/content/repositories/snapshots/org/scala-sbt/zinc-classpath_2.12/1.10.7/zinc-classpath_2.12-1.10.7.pom.sha1[0m
2025.04.04 12:46:57 INFO  BSP server: Downloading https://repo1.maven.org/maven2/org/scalameta/common_2.12/4.12.6/common_2.12-4.12.6.pom[0m
2025.04.04 12:46:57 INFO  BSP server: Downloading https://repo1.maven.org/maven2/org/scala-sbt/zinc-classpath_2.12/1.10.7/zinc-classpath_2.12-1.10.7.pom[0m
2025.04.04 12:46:57 INFO  BSP server: Downloaded https://repo1.maven.org/maven2/org/scala-sbt/zinc-apiinfo_2.12/1.10.7/zinc-apiinfo_2.12-1.10.7.pom[0m
2025.04.04 12:46:57 INFO  BSP server: Downloaded https://repo1.maven.org/maven2/org/scalameta/common_2.12/4.12.6/common_2.12-4.12.6.pom[0m
2025.04.04 12:46:57 INFO  BSP server: Downloaded https://repo1.maven.org/maven2/org/scala-sbt/zinc-classpath_2.12/1.10.7/zinc-classpath_2.12-1.10.7.pom[0m
2025.04.04 12:46:57 INFO  BSP server: Downloaded https://s01.oss.sonatype.org/content/repositories/snapshots/org/scala-sbt/util-logging_2.12/1.10.7/util-logging_2.12-1.10.7.pom.sha1[0m
2025.04.04 12:46:57 INFO  BSP server: Downloading https://repo1.maven.org/maven2/org/scala-sbt/util-logging_2.12/1.10.7/util-logging_2.12-1.10.7.pom[0m
2025.04.04 12:46:57 INFO  BSP server: Downloaded https://repo1.maven.org/maven2/org/scala-sbt/util-logging_2.12/1.10.7/util-logging_2.12-1.10.7.pom[0m
2025.04.04 12:46:57 INFO  BSP server: Downloaded https://s01.oss.sonatype.org/content/repositories/snapshots/org/scala-sbt/util-position_2.12/1.10.6/util-position_2.12-1.10.6.pom.sha1[0m
2025.04.04 12:46:57 INFO  BSP server: Downloaded https://s01.oss.sonatype.org/content/repositories/snapshots/org/scala-sbt/compiler-interface/1.10.7/compiler-interface-1.10.7.pom.sha1[0m
2025.04.04 12:46:57 INFO  BSP server: Downloading https://repo1.maven.org/maven2/org/scala-sbt/util-position_2.12/1.10.6/util-position_2.12-1.10.6.pom[0m
2025.04.04 12:46:57 INFO  BSP server: Downloading https://repo1.maven.org/maven2/org/scala-sbt/compiler-interface/1.10.7/compiler-interface-1.10.7.pom[0m
2025.04.04 12:46:57 INFO  BSP server: Downloaded https://repo1.maven.org/maven2/org/scala-sbt/util-position_2.12/1.10.6/util-position_2.12-1.10.6.pom[0m
2025.04.04 12:46:57 INFO  BSP server: Downloaded https://repo1.maven.org/maven2/org/scala-sbt/compiler-interface/1.10.7/compiler-interface-1.10.7.pom[0m
2025.04.04 12:46:57 INFO  BSP server: Downloading https://oss.sonatype.org/content/repositories/snapshots/org/scala-sbt/compiler-bridge_2.12/1.10.7/compiler-bridge_2.12-1.10.7.pom[0m
2025.04.04 12:46:57 INFO  BSP server: Downloading https://oss.sonatype.org/content/repositories/snapshots/org/scala-sbt/core-macros_2.12/1.10.7/core-macros_2.12-1.10.7.pom[0m
2025.04.04 12:46:57 INFO  BSP server: Downloading https://oss.sonatype.org/content/repositories/snapshots/org/scala-sbt/collections_2.12/1.10.7/collections_2.12-1.10.7.pom[0m
2025.04.04 12:46:57 INFO  BSP server: Downloading https://oss.sonatype.org/content/repositories/snapshots/org/scala-sbt/util-interface/1.10.7/util-interface-1.10.7.pom[0m
2025.04.04 12:46:57 INFO  BSP server: Downloading https://oss.sonatype.org/content/repositories/snapshots/org/scala-sbt/jline/jline/2.14.7-sbt-9a88bc413e2b34a4580c001c654d1a7f4f65bf18/jline-2.14.7-sbt-9a88bc413e2b34a4580c001c654d1a7f4f65bf18.pom[0m
2025.04.04 12:46:57 INFO  BSP server: Downloaded https://oss.sonatype.org/content/repositories/snapshots/org/scala-sbt/compiler-bridge_2.12/1.10.7/compiler-bridge_2.12-1.10.7.pom[0m
2025.04.04 12:46:57 INFO  BSP server: Downloaded https://oss.sonatype.org/content/repositories/snapshots/org/scala-sbt/core-macros_2.12/1.10.7/core-macros_2.12-1.10.7.pom[0m
2025.04.04 12:46:57 INFO  BSP server: Downloading https://oss.sonatype.org/content/repositories/snapshots/org/scala-sbt/compiler-bridge_2.12/1.10.7/compiler-bridge_2.12-1.10.7.pom.sha1[0m
2025.04.04 12:46:57 INFO  BSP server: Downloading https://oss.sonatype.org/content/repositories/snapshots/org/scala-sbt/core-macros_2.12/1.10.7/core-macros_2.12-1.10.7.pom.sha1[0m
2025.04.04 12:46:57 INFO  BSP server: Downloaded https://oss.sonatype.org/content/repositories/snapshots/org/scala-sbt/util-interface/1.10.7/util-interface-1.10.7.pom[0m
2025.04.04 12:46:57 INFO  BSP server: Downloading https://oss.sonatype.org/content/repositories/snapshots/org/scala-sbt/util-interface/1.10.7/util-interface-1.10.7.pom.sha1[0m
2025.04.04 12:46:57 INFO  BSP server: Downloaded https://oss.sonatype.org/content/repositories/snapshots/org/scala-sbt/collections_2.12/1.10.7/collections_2.12-1.10.7.pom[0m
2025.04.04 12:46:57 INFO  BSP server: Downloading https://oss.sonatype.org/content/repositories/snapshots/org/scala-sbt/collections_2.12/1.10.7/collections_2.12-1.10.7.pom.sha1[0m
2025.04.04 12:46:57 INFO  BSP server: Downloaded https://oss.sonatype.org/content/repositories/snapshots/org/scala-sbt/jline/jline/2.14.7-sbt-9a88bc413e2b34a4580c001c654d1a7f4f65bf18/jline-2.14.7-sbt-9a88bc413e2b34a4580c001c654d1a7f4f65bf18.pom[0m
2025.04.04 12:46:57 INFO  BSP server: Downloading https://oss.sonatype.org/content/repositories/snapshots/org/scala-sbt/jline/jline/2.14.7-sbt-9a88bc413e2b34a4580c001c654d1a7f4f65bf18/jline-2.14.7-sbt-9a88bc413e2b34a4580c001c654d1a7f4f65bf18.pom.sha1[0m
2025.04.04 12:46:57 INFO  BSP server: Downloaded https://oss.sonatype.org/content/repositories/snapshots/org/scala-sbt/compiler-bridge_2.12/1.10.7/compiler-bridge_2.12-1.10.7.pom.sha1[0m
2025.04.04 12:46:57 INFO  BSP server: Downloading https://s01.oss.sonatype.org/content/repositories/snapshots/org/scala-sbt/compiler-bridge_2.12/1.10.7/compiler-bridge_2.12-1.10.7.pom[0m
2025.04.04 12:46:57 INFO  BSP server: Downloaded https://oss.sonatype.org/content/repositories/snapshots/org/scala-sbt/core-macros_2.12/1.10.7/core-macros_2.12-1.10.7.pom.sha1[0m
2025.04.04 12:46:57 INFO  BSP server: Downloading https://s01.oss.sonatype.org/content/repositories/snapshots/org/scala-sbt/core-macros_2.12/1.10.7/core-macros_2.12-1.10.7.pom[0m
2025.04.04 12:46:57 INFO  BSP server: Downloaded https://oss.sonatype.org/content/repositories/snapshots/org/scala-sbt/util-interface/1.10.7/util-interface-1.10.7.pom.sha1[0m
2025.04.04 12:46:57 INFO  BSP server: Downloading https://s01.oss.sonatype.org/content/repositories/snapshots/org/scala-sbt/util-interface/1.10.7/util-interface-1.10.7.pom[0m
2025.04.04 12:46:57 INFO  BSP server: Downloaded https://oss.sonatype.org/content/repositories/snapshots/org/scala-sbt/collections_2.12/1.10.7/collections_2.12-1.10.7.pom.sha1[0m
2025.04.04 12:46:57 INFO  BSP server: Downloading https://s01.oss.sonatype.org/content/repositories/snapshots/org/scala-sbt/collections_2.12/1.10.7/collections_2.12-1.10.7.pom[0m
2025.04.04 12:46:57 INFO  BSP server: Downloaded https://oss.sonatype.org/content/repositories/snapshots/org/scala-sbt/jline/jline/2.14.7-sbt-9a88bc413e2b34a4580c001c654d1a7f4f65bf18/jline-2.14.7-sbt-9a88bc413e2b34a4580c001c654d1a7f4f65bf18.pom.sha1[0m
2025.04.04 12:46:57 INFO  BSP server: Downloading https://s01.oss.sonatype.org/content/repositories/snapshots/org/scala-sbt/jline/jline/2.14.7-sbt-9a88bc413e2b34a4580c001c654d1a7f4f65bf18/jline-2.14.7-sbt-9a88bc413e2b34a4580c001c654d1a7f4f65bf18.pom[0m
2025.04.04 12:46:58 INFO  BSP server: Downloaded https://s01.oss.sonatype.org/content/repositories/snapshots/org/scala-sbt/core-macros_2.12/1.10.7/core-macros_2.12-1.10.7.pom[0m
2025.04.04 12:46:58 INFO  BSP server: Downloading https://s01.oss.sonatype.org/content/repositories/snapshots/org/scala-sbt/core-macros_2.12/1.10.7/core-macros_2.12-1.10.7.pom.sha1[0m
2025.04.04 12:46:58 INFO  BSP server: Downloaded https://s01.oss.sonatype.org/content/repositories/snapshots/org/scala-sbt/compiler-bridge_2.12/1.10.7/compiler-bridge_2.12-1.10.7.pom[0m
2025.04.04 12:46:58 INFO  BSP server: Downloaded https://s01.oss.sonatype.org/content/repositories/snapshots/org/scala-sbt/jline/jline/2.14.7-sbt-9a88bc413e2b34a4580c001c654d1a7f4f65bf18/jline-2.14.7-sbt-9a88bc413e2b34a4580c001c654d1a7f4f65bf18.pom[0m
2025.04.04 12:46:58 INFO  BSP server: Downloading https://s01.oss.sonatype.org/content/repositories/snapshots/org/scala-sbt/jline/jline/2.14.7-sbt-9a88bc413e2b34a4580c001c654d1a7f4f65bf18/jline-2.14.7-sbt-9a88bc413e2b34a4580c001c654d1a7f4f65bf18.pom.sha1[0m
2025.04.04 12:46:58 INFO  BSP server: Downloading https://s01.oss.sonatype.org/content/repositories/snapshots/org/scala-sbt/compiler-bridge_2.12/1.10.7/compiler-bridge_2.12-1.10.7.pom.sha1[0m
2025.04.04 12:46:58 INFO  BSP server: Downloaded https://s01.oss.sonatype.org/content/repositories/snapshots/org/scala-sbt/collections_2.12/1.10.7/collections_2.12-1.10.7.pom[0m
2025.04.04 12:46:58 INFO  BSP server: Downloading https://s01.oss.sonatype.org/content/repositories/snapshots/org/scala-sbt/collections_2.12/1.10.7/collections_2.12-1.10.7.pom.sha1[0m
2025.04.04 12:46:58 INFO  BSP server: Downloaded https://s01.oss.sonatype.org/content/repositories/snapshots/org/scala-sbt/util-interface/1.10.7/util-interface-1.10.7.pom[0m
2025.04.04 12:46:58 INFO  BSP server: Downloading https://s01.oss.sonatype.org/content/repositories/snapshots/org/scala-sbt/util-interface/1.10.7/util-interface-1.10.7.pom.sha1[0m
2025.04.04 12:46:58 INFO  BSP server: Downloaded https://s01.oss.sonatype.org/content/repositories/snapshots/org/scala-sbt/core-macros_2.12/1.10.7/core-macros_2.12-1.10.7.pom.sha1[0m
2025.04.04 12:46:58 INFO  BSP server: Downloading https://repo1.maven.org/maven2/org/scala-sbt/core-macros_2.12/1.10.7/core-macros_2.12-1.10.7.pom[0m
2025.04.04 12:46:58 INFO  BSP server: Downloaded https://s01.oss.sonatype.org/content/repositories/snapshots/org/scala-sbt/jline/jline/2.14.7-sbt-9a88bc413e2b34a4580c001c654d1a7f4f65bf18/jline-2.14.7-sbt-9a88bc413e2b34a4580c001c654d1a7f4f65bf18.pom.sha1[0m
2025.04.04 12:46:58 INFO  BSP server: Downloading https://repo1.maven.org/maven2/org/scala-sbt/jline/jline/2.14.7-sbt-9a88bc413e2b34a4580c001c654d1a7f4f65bf18/jline-2.14.7-sbt-9a88bc413e2b34a4580c001c654d1a7f4f65bf18.pom[0m
2025.04.04 12:46:58 INFO  BSP server: Downloaded https://s01.oss.sonatype.org/content/repositories/snapshots/org/scala-sbt/compiler-bridge_2.12/1.10.7/compiler-bridge_2.12-1.10.7.pom.sha1[0m
2025.04.04 12:46:58 INFO  BSP server: Downloading https://repo1.maven.org/maven2/org/scala-sbt/compiler-bridge_2.12/1.10.7/compiler-bridge_2.12-1.10.7.pom[0m
2025.04.04 12:46:58 INFO  BSP server: Downloaded https://s01.oss.sonatype.org/content/repositories/snapshots/org/scala-sbt/collections_2.12/1.10.7/collections_2.12-1.10.7.pom.sha1[0m
2025.04.04 12:46:58 INFO  BSP server: Downloading https://repo1.maven.org/maven2/org/scala-sbt/collections_2.12/1.10.7/collections_2.12-1.10.7.pom[0m
2025.04.04 12:46:58 INFO  BSP server: Downloaded https://repo1.maven.org/maven2/org/scala-sbt/core-macros_2.12/1.10.7/core-macros_2.12-1.10.7.pom[0m
2025.04.04 12:46:58 INFO  BSP server: Downloaded https://s01.oss.sonatype.org/content/repositories/snapshots/org/scala-sbt/util-interface/1.10.7/util-interface-1.10.7.pom.sha1[0m
2025.04.04 12:46:58 INFO  BSP server: Downloading https://repo1.maven.org/maven2/org/scala-sbt/util-interface/1.10.7/util-interface-1.10.7.pom[0m
2025.04.04 12:46:58 INFO  BSP server: Downloaded https://repo1.maven.org/maven2/org/scala-sbt/jline/jline/2.14.7-sbt-9a88bc413e2b34a4580c001c654d1a7f4f65bf18/jline-2.14.7-sbt-9a88bc413e2b34a4580c001c654d1a7f4f65bf18.pom[0m
2025.04.04 12:46:58 INFO  BSP server: Downloaded https://repo1.maven.org/maven2/org/scala-sbt/compiler-bridge_2.12/1.10.7/compiler-bridge_2.12-1.10.7.pom[0m
2025.04.04 12:46:58 INFO  BSP server: Downloaded https://repo1.maven.org/maven2/org/scala-sbt/util-interface/1.10.7/util-interface-1.10.7.pom[0m
2025.04.04 12:46:58 INFO  BSP server: Downloaded https://repo1.maven.org/maven2/org/scala-sbt/collections_2.12/1.10.7/collections_2.12-1.10.7.pom[0m
2025.04.04 12:46:58 INFO  BSP server: Downloading https://oss.sonatype.org/content/repositories/snapshots/org/scala-sbt/util-position_2.12/1.10.7/util-position_2.12-1.10.7.pom[0m
2025.04.04 12:46:59 WARN  Could not find semantic tokens for: file:///home/fadi/newlife2025/uni/colorwoodSort-SE/src/main/scala/de/htwg/se/colorwoodSort/colorwoodSort.scala[0m
2025.04.04 12:46:58 INFO  BSP server: Downloaded https://oss.sonatype.org/content/repositories/snapshots/org/scala-sbt/util-position_2.12/1.10.7/util-position_2.12-1.10.7.pom[0m
2025.04.04 12:46:58 INFO  BSP server: Downloading https://oss.sonatype.org/content/repositories/snapshots/org/scala-sbt/util-position_2.12/1.10.7/util-position_2.12-1.10.7.pom.sha1[0m
2025.04.04 12:46:58 INFO  BSP server: Downloaded https://oss.sonatype.org/content/repositories/snapshots/org/scala-sbt/util-position_2.12/1.10.7/util-position_2.12-1.10.7.pom.sha1[0m
2025.04.04 12:46:58 INFO  BSP server: Downloading https://s01.oss.sonatype.org/content/repositories/snapshots/org/scala-sbt/util-position_2.12/1.10.7/util-position_2.12-1.10.7.pom[0m
2025.04.04 12:46:58 INFO  BSP server: Downloaded https://s01.oss.sonatype.org/content/repositories/snapshots/org/scala-sbt/util-position_2.12/1.10.7/util-position_2.12-1.10.7.pom[0m
2025.04.04 12:46:58 INFO  BSP server: Downloading https://s01.oss.sonatype.org/content/repositories/snapshots/org/scala-sbt/util-position_2.12/1.10.7/util-position_2.12-1.10.7.pom.sha1[0m
2025.04.04 12:46:59 INFO  BSP server: Downloaded https://s01.oss.sonatype.org/content/repositories/snapshots/org/scala-sbt/util-position_2.12/1.10.7/util-position_2.12-1.10.7.pom.sha1[0m
2025.04.04 12:46:59 INFO  BSP server: Downloading https://repo1.maven.org/maven2/org/scala-sbt/util-position_2.12/1.10.7/util-position_2.12-1.10.7.pom[0m
2025.04.04 12:46:59 INFO  BSP server: Downloaded https://repo1.maven.org/maven2/org/scala-sbt/util-position_2.12/1.10.7/util-position_2.12-1.10.7.pom[0m
2025.04.04 12:46:59 INFO  BSP server: Downloading https://repo1.maven.org/maven2/org/scala-sbt/zinc-compile-core_2.12/1.10.7/zinc-compile-core_2.12-1.10.7.jar[0m
2025.04.04 12:46:59 INFO  BSP server: Downloading https://repo1.maven.org/maven2/org/scala-sbt/core-macros_2.12/1.10.7/core-macros_2.12-1.10.7.jar[0m
2025.04.04 12:46:59 INFO  BSP server: Downloading https://repo1.maven.org/maven2/org/scala-sbt/util-position_2.12/1.10.7/util-position_2.12-1.10.7.jar[0m
2025.04.04 12:46:59 INFO  BSP server: Downloading https://repo1.maven.org/maven2/org/scalameta/common_2.12/4.12.6/common_2.12-4.12.6.jar[0m
2025.04.04 12:46:59 INFO  BSP server: Downloading https://repo1.maven.org/maven2/org/scala-sbt/librarymanagement-ivy_2.12/1.10.3/librarymanagement-ivy_2.12-1.10.3.jar[0m
2025.04.04 12:46:59 INFO  BSP server: Downloading https://repo1.maven.org/maven2/org/scala-sbt/zinc-classfile_2.12/1.10.7/zinc-classfile_2.12-1.10.7.jar[0m
2025.04.04 12:46:59 INFO  BSP server: Downloaded https://repo1.maven.org/maven2/org/scala-sbt/util-position_2.12/1.10.7/util-position_2.12-1.10.7.jar[0m
2025.04.04 12:46:59 INFO  BSP server: Downloading https://repo1.maven.org/maven2/com/github/plokhotnyuk/jsoniter-scala/jsoniter-scala-core_2.12/2.13.5.2/jsoniter-scala-core_2.12-2.13.5.2.jar[0m
2025.04.04 12:46:59 INFO  BSP server: Downloaded https://repo1.maven.org/maven2/org/scala-sbt/zinc-compile-core_2.12/1.10.7/zinc-compile-core_2.12-1.10.7.jar[0m
2025.04.04 12:46:59 INFO  BSP server: Downloading https://repo1.maven.org/maven2/io/get-coursier/interface/1.0.27/interface-1.0.27.jar[0m
2025.04.04 12:46:59 INFO  BSP server: Downloaded https://repo1.maven.org/maven2/org/scala-sbt/core-macros_2.12/1.10.7/core-macros_2.12-1.10.7.jar[0m
2025.04.04 12:46:59 INFO  BSP server: Downloading https://repo1.maven.org/maven2/ch/epfl/scala/scala-debug-adapter_2.12/4.2.2/scala-debug-adapter_2.12-4.2.2.jar[0m
2025.04.04 12:46:59 INFO  BSP server: Downloaded https://repo1.maven.org/maven2/org/scala-sbt/zinc-classfile_2.12/1.10.7/zinc-classfile_2.12-1.10.7.jar[0m
2025.04.04 12:46:59 INFO  BSP server: Downloading https://repo1.maven.org/maven2/net/java/dev/jna/jna/5.16.0/jna-5.16.0.jar[0m
2025.04.04 12:47:00 INFO  BSP server: Downloaded https://repo1.maven.org/maven2/com/github/plokhotnyuk/jsoniter-scala/jsoniter-scala-core_2.12/2.13.5.2/jsoniter-scala-core_2.12-2.13.5.2.jar[0m
2025.04.04 12:47:00 INFO  BSP server: Downloading https://repo1.maven.org/maven2/ch/epfl/scala/bloop-backend_2.12/2.0.8/bloop-backend_2.12-2.0.8.jar[0m
2025.04.04 12:47:01 INFO  no build target found for /home/fadi/newlife2025/uni/colorwoodSort-SE/src/main/scala/de/htwg/se/colorwoodSort/colorwoodSort.scala. Using presentation compiler with project's scala-library version: 3.3.5[0m
2025.04.04 12:47:01 WARN  Could not find semantic tokens for: file:///home/fadi/newlife2025/uni/colorwoodSort-SE/src/main/scala/de/htwg/se/colorwoodSort/colorwoodSort.scala[0m
2025.04.04 12:47:00 INFO  BSP server: Downloaded https://repo1.maven.org/maven2/org/scala-sbt/librarymanagement-ivy_2.12/1.10.3/librarymanagement-ivy_2.12-1.10.3.jar[0m
2025.04.04 12:47:00 INFO  BSP server: Downloading https://repo1.maven.org/maven2/org/scala-sbt/util-control_2.12/1.10.7/util-control_2.12-1.10.7.jar[0m
2025.04.04 12:47:00 INFO  BSP server: Downloaded https://repo1.maven.org/maven2/org/scala-sbt/util-control_2.12/1.10.7/util-control_2.12-1.10.7.jar[0m
2025.04.04 12:47:00 INFO  BSP server: Downloading https://repo1.maven.org/maven2/org/scala-sbt/librarymanagement-core_2.12/1.10.3/librarymanagement-core_2.12-1.10.3.jar[0m
2025.04.04 12:47:05 INFO  BSP server: Downloaded https://repo1.maven.org/maven2/org/scalameta/common_2.12/4.12.6/common_2.12-4.12.6.jar[0m
2025.04.04 12:47:05 INFO  BSP server: Downloading https://repo1.maven.org/maven2/org/scala-sbt/jline/jline/2.14.7-sbt-9a88bc413e2b34a4580c001c654d1a7f4f65bf18/jline-2.14.7-sbt-9a88bc413e2b34a4580c001c654d1a7f4f65bf18.jar[0m
2025.04.04 12:47:05 INFO  BSP server: Downloaded https://repo1.maven.org/maven2/ch/epfl/scala/scala-debug-adapter_2.12/4.2.2/scala-debug-adapter_2.12-4.2.2.jar[0m
2025.04.04 12:47:05 INFO  BSP server: Downloading https://repo1.maven.org/maven2/org/scala-sbt/zinc-apiinfo_2.12/1.10.7/zinc-apiinfo_2.12-1.10.7.jar[0m
2025.04.04 12:47:05 INFO  BSP server: Downloaded https://repo1.maven.org/maven2/org/scala-sbt/jline/jline/2.14.7-sbt-9a88bc413e2b34a4580c001c654d1a7f4f65bf18/jline-2.14.7-sbt-9a88bc413e2b34a4580c001c654d1a7f4f65bf18.jar[0m
2025.04.04 12:47:05 INFO  BSP server: Downloading https://repo1.maven.org/maven2/ch/epfl/scala/bloop-config_2.12/2.3.1/bloop-config_2.12-2.3.1.jar[0m
2025.04.04 12:47:05 INFO  BSP server: Downloaded https://repo1.maven.org/maven2/org/scala-sbt/librarymanagement-core_2.12/1.10.3/librarymanagement-core_2.12-1.10.3.jar[0m
2025.04.04 12:47:05 INFO  BSP server: Downloading https://repo1.maven.org/maven2/org/scala-sbt/zinc-persist_2.12/1.10.7/zinc-persist_2.12-1.10.7.jar[0m
2025.04.04 12:47:05 INFO  BSP server: Downloaded https://repo1.maven.org/maven2/ch/epfl/scala/bloop-config_2.12/2.3.1/bloop-config_2.12-2.3.1.jar[0m
2025.04.04 12:47:05 INFO  BSP server: Downloading https://repo1.maven.org/maven2/org/scala-sbt/zinc-core_2.12/1.10.7/zinc-core_2.12-1.10.7.jar[0m
2025.04.04 12:47:05 INFO  BSP server: Downloaded https://repo1.maven.org/maven2/org/scala-sbt/zinc-apiinfo_2.12/1.10.7/zinc-apiinfo_2.12-1.10.7.jar[0m
2025.04.04 12:47:05 INFO  BSP server: Downloading https://repo1.maven.org/maven2/org/scala-sbt/zinc-classpath_2.12/1.10.7/zinc-classpath_2.12-1.10.7.jar[0m
2025.04.04 12:47:05 INFO  BSP server: Downloaded https://repo1.maven.org/maven2/org/scala-sbt/zinc-classpath_2.12/1.10.7/zinc-classpath_2.12-1.10.7.jar[0m
2025.04.04 12:47:05 INFO  BSP server: Downloading https://repo1.maven.org/maven2/org/scala-sbt/zinc_2.12/1.10.7/zinc_2.12-1.10.7.jar[0m
2025.04.04 12:47:06 INFO  BSP server: Downloaded https://repo1.maven.org/maven2/org/scala-sbt/zinc_2.12/1.10.7/zinc_2.12-1.10.7.jar[0m
2025.04.04 12:47:06 INFO  BSP server: Downloading https://repo1.maven.org/maven2/org/scala-sbt/util-cache_2.12/1.10.6/util-cache_2.12-1.10.6.jar[0m
2025.04.04 12:47:06 INFO  BSP server: Downloaded https://repo1.maven.org/maven2/ch/epfl/scala/bloop-backend_2.12/2.0.8/bloop-backend_2.12-2.0.8.jar[0m
2025.04.04 12:47:06 INFO  BSP server: Downloading https://repo1.maven.org/maven2/org/scala-sbt/util-logging_2.12/1.10.7/util-logging_2.12-1.10.7.jar[0m
2025.04.04 12:47:06 INFO  no build target found for /home/fadi/newlife2025/uni/colorwoodSort-SE/src/main/scala/de/htwg/se/colorwoodSort/colorwoodSort.scala. Using presentation compiler with project's scala-library version: 3.3.5[0m
2025.04.04 12:47:06 INFO  BSP server: Downloaded https://repo1.maven.org/maven2/org/scala-sbt/util-cache_2.12/1.10.6/util-cache_2.12-1.10.6.jar[0m
2025.04.04 12:47:06 INFO  BSP server: Downloading https://repo1.maven.org/maven2/ch/qos/logback/logback-classic/1.5.16/logback-classic-1.5.16.jar[0m
2025.04.04 12:47:06 INFO  no build target found for /home/fadi/newlife2025/uni/colorwoodSort-SE/src/main/scala/de/htwg/se/colorwoodSort/colorwoodSort.scala. Using presentation compiler with project's scala-library version: 3.3.5[0m
2025.04.04 12:47:06 INFO  BSP server: Downloaded https://repo1.maven.org/maven2/org/scala-sbt/zinc-persist_2.12/1.10.7/zinc-persist_2.12-1.10.7.jar[0m
2025.04.04 12:47:06 INFO  BSP server: Downloading https://repo1.maven.org/maven2/org/scalameta/parsers_2.12/4.12.6/parsers_2.12-4.12.6.jar[0m
2025.04.04 12:47:06 INFO  BSP server: Downloaded https://repo1.maven.org/maven2/ch/qos/logback/logback-classic/1.5.16/logback-classic-1.5.16.jar[0m
2025.04.04 12:47:06 INFO  BSP server: Downloading https://repo1.maven.org/maven2/ch/qos/logback/logback-core/1.5.16/logback-core-1.5.16.jar[0m
2025.04.04 12:47:06 INFO  BSP server: Downloaded https://repo1.maven.org/maven2/org/scala-sbt/zinc-core_2.12/1.10.7/zinc-core_2.12-1.10.7.jar[0m
2025.04.04 12:47:06 INFO  BSP server: Downloading https://repo1.maven.org/maven2/org/scala-sbt/util-interface/1.10.7/util-interface-1.10.7.jar[0m
2025.04.04 12:47:06 INFO  BSP server: Downloaded https://repo1.maven.org/maven2/org/scala-sbt/util-interface/1.10.7/util-interface-1.10.7.jar[0m
2025.04.04 12:47:06 INFO  BSP server: Downloading https://repo1.maven.org/maven2/ch/epfl/scala/com-microsoft-java-debug-core/0.34.0+33/com-microsoft-java-debug-core-0.34.0+33.jar[0m
2025.04.04 12:47:07 WARN  no build target for: /home/fadi/newlife2025/uni/colorwoodSort-SE/src/main/scala/de/htwg/se/colorwoodSort/colorwoodSort.scala[0m
2025.04.04 12:47:07 INFO  no build target found for /home/fadi/newlife2025/uni/colorwoodSort-SE/src/main/scala/de/htwg/se/colorwoodSort/colorwoodSort.scala. Using presentation compiler with project's scala-library version: 3.3.5[0m
2025.04.04 12:47:07 INFO  no build target found for /home/fadi/newlife2025/uni/colorwoodSort-SE/src/main/scala/de/htwg/se/colorwoodSort/colorwoodSort.scala. Using presentation compiler with project's scala-library version: 3.3.5[0m
2025.04.04 12:47:07 INFO  BSP server: Downloaded https://repo1.maven.org/maven2/net/java/dev/jna/jna/5.16.0/jna-5.16.0.jar[0m
2025.04.04 12:47:07 INFO  BSP server: Downloading https://repo1.maven.org/maven2/ch/epfl/scala/bloop-shared_2.12/2.0.8/bloop-shared_2.12-2.0.8.jar[0m
2025.04.04 12:47:07 INFO  BSP server: Downloaded https://repo1.maven.org/maven2/ch/epfl/scala/bloop-shared_2.12/2.0.8/bloop-shared_2.12-2.0.8.jar[0m
2025.04.04 12:47:07 INFO  BSP server: Downloading https://repo1.maven.org/maven2/org/scalameta/trees_2.12/4.12.6/trees_2.12-4.12.6.jar[0m
2025.04.04 12:47:07 INFO  BSP server: Downloaded https://repo1.maven.org/maven2/ch/epfl/scala/com-microsoft-java-debug-core/0.34.0+33/com-microsoft-java-debug-core-0.34.0+33.jar[0m
2025.04.04 12:47:07 INFO  BSP server: Downloading https://repo1.maven.org/maven2/org/scala-sbt/collections_2.12/1.10.7/collections_2.12-1.10.7.jar[0m
2025.04.04 12:47:07 INFO  BSP server: Downloaded https://repo1.maven.org/maven2/org/scala-sbt/util-logging_2.12/1.10.7/util-logging_2.12-1.10.7.jar[0m
2025.04.04 12:47:07 INFO  BSP server: Downloading https://repo1.maven.org/maven2/ch/epfl/scala/bloop-frontend_2.12/2.0.8/bloop-frontend_2.12-2.0.8.jar[0m
2025.04.04 12:47:07 INFO  BSP server: Downloaded https://repo1.maven.org/maven2/org/scalameta/parsers_2.12/4.12.6/parsers_2.12-4.12.6.jar[0m
2025.04.04 12:47:07 INFO  BSP server: Downloading https://repo1.maven.org/maven2/org/scala-sbt/compiler-interface/1.10.7/compiler-interface-1.10.7.jar[0m
2025.04.04 12:47:08 INFO  BSP server: Downloaded https://repo1.maven.org/maven2/ch/qos/logback/logback-core/1.5.16/logback-core-1.5.16.jar[0m
2025.04.04 12:47:08 INFO  BSP server: Downloading https://repo1.maven.org/maven2/org/scala-sbt/util-relation_2.12/1.10.7/util-relation_2.12-1.10.7.jar[0m
2025.04.04 12:47:08 INFO  BSP server: Downloaded https://repo1.maven.org/maven2/org/scala-sbt/util-relation_2.12/1.10.7/util-relation_2.12-1.10.7.jar[0m
2025.04.04 12:47:08 INFO  BSP server: Downloading https://repo1.maven.org/maven2/org/scala-sbt/zinc-persist-core-assembly/1.10.7/zinc-persist-core-assembly-1.10.7.jar[0m
2025.04.04 12:47:08 INFO  BSP server: Downloaded https://repo1.maven.org/maven2/org/scala-sbt/compiler-interface/1.10.7/compiler-interface-1.10.7.jar[0m
2025.04.04 12:47:08 INFO  BSP server: Downloading https://repo1.maven.org/maven2/org/scala-sbt/compiler-bridge_2.12/1.10.7/compiler-bridge_2.12-1.10.7.jar[0m
2025.04.04 12:47:08 INFO  BSP server: Downloaded https://repo1.maven.org/maven2/org/scala-sbt/collections_2.12/1.10.7/collections_2.12-1.10.7.jar[0m
2025.04.04 12:47:08 INFO  BSP server: Downloading https://repo1.maven.org/maven2/org/scala-sbt/io_2.12/1.10.3/io_2.12-1.10.3.jar[0m
2025.04.04 12:47:08 INFO  BSP server: Downloaded https://repo1.maven.org/maven2/org/scala-sbt/compiler-bridge_2.12/1.10.7/compiler-bridge_2.12-1.10.7.jar[0m
2025.04.04 12:47:08 INFO  BSP server: Downloading https://repo1.maven.org/maven2/com/github/mwiede/jsch/0.2.21/jsch-0.2.21.jar[0m
2025.04.04 12:47:10 INFO  BSP server: Downloaded https://repo1.maven.org/maven2/org/scala-sbt/io_2.12/1.10.3/io_2.12-1.10.3.jar[0m
2025.04.04 12:47:10 INFO  BSP server: Downloaded https://repo1.maven.org/maven2/com/github/mwiede/jsch/0.2.21/jsch-0.2.21.jar[0m
2025.04.04 12:47:10 INFO  no build target found for /home/fadi/newlife2025/uni/colorwoodSort-SE/src/main/scala/de/htwg/se/colorwoodSort/colorwoodSort.scala. Using presentation compiler with project's scala-library version: 3.3.5[0m
2025.04.04 12:47:12 INFO  BSP server: Downloaded https://repo1.maven.org/maven2/ch/epfl/scala/bloop-frontend_2.12/2.0.8/bloop-frontend_2.12-2.0.8.jar[0m
2025.04.04 12:47:12 INFO  no build target found for /home/fadi/newlife2025/uni/colorwoodSort-SE/src/main/scala/de/htwg/se/colorwoodSort/colorwoodSort.scala. Using presentation compiler with project's scala-library version: 3.3.5[0m
2025.04.04 12:47:13 INFO  BSP server: Downloaded https://repo1.maven.org/maven2/org/scala-sbt/zinc-persist-core-assembly/1.10.7/zinc-persist-core-assembly-1.10.7.jar[0m
2025.04.04 12:47:12 INFO  no build target found for /home/fadi/newlife2025/uni/colorwoodSort-SE/src/main/scala/de/htwg/se/colorwoodSort/colorwoodSort.scala. Using presentation compiler with project's scala-library version: 3.3.5[0m
2025.04.04 12:47:13 INFO  no build target found for /home/fadi/newlife2025/uni/colorwoodSort-SE/src/main/scala/de/htwg/se/colorwoodSort/colorwoodSort.scala. Using presentation compiler with project's scala-library version: 3.3.5[0m
2025.04.04 12:47:13 INFO  no build target found for /home/fadi/newlife2025/uni/colorwoodSort-SE/src/main/scala/de/htwg/se/colorwoodSort/colorwoodSort.scala. Using presentation compiler with project's scala-library version: 3.3.5[0m
2025.04.04 12:47:15 INFO  no build target found for /home/fadi/newlife2025/uni/colorwoodSort-SE/src/main/scala/de/htwg/se/colorwoodSort/colorwoodSort.scala. Using presentation compiler with project's scala-library version: 3.3.5[0m
2025.04.04 12:47:16 INFO  BSP server: Downloaded https://repo1.maven.org/maven2/io/get-coursier/interface/1.0.27/interface-1.0.27.jar[0m
2025.04.04 12:47:17 INFO  BSP server: Downloaded https://repo1.maven.org/maven2/org/scalameta/trees_2.12/4.12.6/trees_2.12-4.12.6.jar[0m
2025.04.04 12:47:17 INFO  BSP server: Starting compilation server[0m
2025.04.04 12:47:18 INFO  no build target found for /home/fadi/newlife2025/uni/colorwoodSort-SE/src/main/scala/de/htwg/se/colorwoodSort/colorwoodSort.scala. Using presentation compiler with project's scala-library version: 3.3.5[0m
2025.04.04 12:47:19 INFO  BSP server: Downloading https://repo1.maven.org/maven2/org/scala-lang/scala3-sbt-bridge/3.6.4/scala3-sbt-bridge-3.6.4.pom[0m
2025.04.04 12:47:19 INFO  BSP server: Downloaded https://repo1.maven.org/maven2/org/scala-lang/scala3-sbt-bridge/3.6.4/scala3-sbt-bridge-3.6.4.pom[0m
2025.04.04 12:47:19 INFO  BSP server: Downloading https://repo1.maven.org/maven2/org/scala-lang/scala3-sbt-bridge/3.6.4/scala3-sbt-bridge-3.6.4.jar[0m
2025.04.04 12:47:19 INFO  BSP server: Downloaded https://repo1.maven.org/maven2/org/scala-lang/scala3-sbt-bridge/3.6.4/scala3-sbt-bridge-3.6.4.jar[0m
2025.04.04 12:47:19 INFO  BSP server: Downloading https://repo1.maven.org/maven2/org/scala-lang/scala3-library_3/3.6.4/scala3-library_3-3.6.4-sources.jar[0m
2025.04.04 12:47:19 INFO  BSP server: Downloaded https://repo1.maven.org/maven2/org/scala-lang/scala3-library_3/3.6.4/scala3-library_3-3.6.4-sources.jar[0m
2025.04.04 12:47:20 INFO  time: Connected to build server in 27s[0m
2025.04.04 12:47:20 INFO  Connected to Build server: scala-cli v1.7.1[0m
2025.04.04 12:47:20 INFO  time: Imported build in 0.14s[0m
2025.04.04 12:47:20 INFO  compiling colorwoodsort-se_d5c0a6989e (1 scala source)[0m
2025.04.04 12:47:25 INFO  time: compiled colorwoodSort-SE_d5c0a6989e in 4.71s[0m
2025.04.04 12:47:26 INFO  time: indexed workspace in 5.89s[0m
Apr 04, 2025 12:47:49 PM org.eclipse.lsp4j.jsonrpc.services.GenericEndpoint notify
INFO: Unsupported notification method: $/setTrace
2025.04.04 12:56:31 INFO  Shutting down server[0m
2025.04.04 12:56:31 INFO  shutting down Metals[0m
2025.04.04 12:56:31 INFO  Shut down connection with build server.[0m
2025.04.04 12:56:31 INFO  Exiting server[0m
2025.04.07 21:42:18 INFO  Started: Metals version 1.5.2 in folders '/home/fadi/newlife2025/uni/colorwoodSort-SE' for client Visual Studio Code 1.99.0.[0m
2025.04.07 21:42:20 INFO  no build target found for /home/fadi/newlife2025/uni/colorwoodSort-SE/src/main/scala/de/htwg/se/colorwoodSort/colorwoodSort.scala. Using presentation compiler with project's scala-library version: 3.3.5[0m
2025.04.07 21:42:21 INFO  Attempting to connect to the build server...[0m
2025.04.07 21:42:21 INFO  Running BSP server List(/home/fadi/.local/share/coursier/bin/.scala-cli.aux, bsp, --json-options, /home/fadi/newlife2025/uni/colorwoodSort-SE/.scala-build/ide-options-v2.json, --json-launcher-options, /home/fadi/newlife2025/uni/colorwoodSort-SE/.scala-build/ide-launcher-options.json, --envs-file, /home/fadi/newlife2025/uni/colorwoodSort-SE/.scala-build/ide-envs.json, /home/fadi/newlife2025/uni/colorwoodSort-SE)[0m
2025.04.07 21:42:21 INFO  tracing is disabled for protocol BSP, to enable tracing of incoming and outgoing JSON messages create an empty file at /home/fadi/newlife2025/uni/colorwoodSort-SE/.metals/bsp.trace.json or /home/fadi/.cache/metals/bsp.trace.json[0m
2025.04.07 21:42:22 INFO  BSP server: Starting compilation server[0m
Apr 07, 2025 9:42:25 PM org.eclipse.lsp4j.jsonrpc.RemoteEndpoint handleCancellation
WARNING: Unmatched cancel notification for request id 3
Apr 07, 2025 9:42:25 PM org.eclipse.lsp4j.jsonrpc.RemoteEndpoint handleCancellation
WARNING: Unmatched cancel notification for request id 2
Apr 07, 2025 9:42:25 PM org.eclipse.lsp4j.jsonrpc.RemoteEndpoint handleCancellation
WARNING: Unmatched cancel notification for request id 1
2025.04.07 21:42:25 INFO  no build target found for /home/fadi/newlife2025/uni/colorwoodSort-SE/src/main/scala/de/htwg/se/colorwoodSort/colorwoodSort.scala. Using presentation compiler with project's scala-library version: 3.3.5[0m
2025.04.07 21:42:25 INFO  no build target found for /home/fadi/newlife2025/uni/colorwoodSort-SE/src/main/scala/de/htwg/se/colorwoodSort/colorwoodSort.scala. Using presentation compiler with project's scala-library version: 3.3.5[0m
Apr 07, 2025 9:42:25 PM org.eclipse.lsp4j.jsonrpc.RemoteEndpoint handleCancellation
WARNING: Unmatched cancel notification for request id 6
Apr 07, 2025 9:42:25 PM org.eclipse.lsp4j.jsonrpc.RemoteEndpoint handleCancellation
WARNING: Unmatched cancel notification for request id 7
Apr 07, 2025 9:42:26 PM org.eclipse.lsp4j.jsonrpc.services.GenericEndpoint notify
INFO: Unsupported notification method: $/setTrace
2025.04.07 21:42:27 INFO  Shutting down server[0m
2025.04.07 21:42:27 INFO  shutting down Metals[0m
2025.04.07 21:42:27 INFO  Exiting server[0m
2025.04.11 11:55:53 INFO  Started: Metals version 1.5.2 in folders '/home/fadi/newlife2025/uni/colorwoodSort-SE' for client Visual Studio Code 1.99.2.[0m
2025.04.11 11:55:55 INFO  Attempting to connect to the build server...[0m
2025.04.11 11:55:55 INFO  Running BSP server List(/home/fadi/.local/share/coursier/bin/.scala-cli.aux, bsp, --json-options, /home/fadi/newlife2025/uni/colorwoodSort-SE/.scala-build/ide-options-v2.json, --json-launcher-options, /home/fadi/newlife2025/uni/colorwoodSort-SE/.scala-build/ide-launcher-options.json, --envs-file, /home/fadi/newlife2025/uni/colorwoodSort-SE/.scala-build/ide-envs.json, /home/fadi/newlife2025/uni/colorwoodSort-SE)[0m
2025.04.11 11:55:55 INFO  tracing is disabled for protocol BSP, to enable tracing of incoming and outgoing JSON messages create an empty file at /home/fadi/newlife2025/uni/colorwoodSort-SE/.metals/bsp.trace.json or /home/fadi/.cache/metals/bsp.trace.json[0m
2025.04.11 11:55:55 INFO  BSP server: Starting compilation server[0m
2025.04.11 11:55:57 INFO  time: Connected to build server in 2.62s[0m
2025.04.11 11:55:57 INFO  Connected to Build server: scala-cli v1.7.1[0m
2025.04.11 11:56:00 INFO  time: indexed workspace in 2.58s[0m
Apr 11, 2025 11:57:31 AM org.eclipse.lsp4j.jsonrpc.services.GenericEndpoint notify
INFO: Unsupported notification method: $/setTrace
